{"/Users/pierre/Developer/Perso/Reps/reps/src/components/BottomNav.tsx": {"path":"/Users/pierre/Developer/Perso/Reps/reps/src/components/BottomNav.tsx","statementMap":{"0":{"start":{"line":8,"column":8},"end":{"line":8,"column":null}},"1":{"start":{"line":9,"column":8},"end":{"line":9,"column":null}},"2":{"start":{"line":10,"column":31},"end":{"line":10,"column":null}},"3":{"start":{"line":12,"column":19},"end":{"line":12,"column":null}},"4":{"start":{"line":12,"column":37},"end":{"line":12,"column":null}},"5":{"start":{"line":14,"column":2},"end":{"line":91,"column":null}},"6":{"start":{"line":18,"column":25},"end":{"line":18,"column":null}},"7":{"start":{"line":34,"column":25},"end":{"line":34,"column":null}},"8":{"start":{"line":45,"column":25},"end":{"line":45,"column":null}},"9":{"start":{"line":52,"column":25},"end":{"line":52,"column":null}},"10":{"start":{"line":70,"column":25},"end":{"line":70,"column":null}},"11":{"start":{"line":81,"column":25},"end":{"line":81,"column":null}}},"fnMap":{"0":{"name":"BottomNav","decl":{"start":{"line":7,"column":16},"end":{"line":7,"column":28}},"loc":{"start":{"line":7,"column":28},"end":{"line":93,"column":null}},"line":7},"1":{"name":"(anonymous_1)","decl":{"start":{"line":12,"column":19},"end":{"line":12,"column":20}},"loc":{"start":{"line":12,"column":37},"end":{"line":12,"column":null}},"line":12},"2":{"name":"(anonymous_2)","decl":{"start":{"line":18,"column":19},"end":{"line":18,"column":25}},"loc":{"start":{"line":18,"column":25},"end":{"line":18,"column":null}},"line":18},"3":{"name":"(anonymous_3)","decl":{"start":{"line":34,"column":19},"end":{"line":34,"column":25}},"loc":{"start":{"line":34,"column":25},"end":{"line":34,"column":null}},"line":34},"4":{"name":"(anonymous_4)","decl":{"start":{"line":45,"column":19},"end":{"line":45,"column":25}},"loc":{"start":{"line":45,"column":25},"end":{"line":45,"column":null}},"line":45},"5":{"name":"(anonymous_5)","decl":{"start":{"line":52,"column":19},"end":{"line":52,"column":25}},"loc":{"start":{"line":52,"column":25},"end":{"line":52,"column":null}},"line":52},"6":{"name":"(anonymous_6)","decl":{"start":{"line":70,"column":19},"end":{"line":70,"column":25}},"loc":{"start":{"line":70,"column":25},"end":{"line":70,"column":null}},"line":70},"7":{"name":"(anonymous_7)","decl":{"start":{"line":81,"column":19},"end":{"line":81,"column":25}},"loc":{"start":{"line":81,"column":25},"end":{"line":81,"column":null}},"line":81}},"branchMap":{"0":{"loc":{"start":{"line":21,"column":12},"end":{"line":21,"column":null}},"type":"cond-expr","locations":[{"start":{"line":21,"column":28},"end":{"line":21,"column":45}},{"start":{"line":21,"column":45},"end":{"line":21,"column":null}}],"line":21},"1":{"loc":{"start":{"line":26,"column":14},"end":{"line":27,"column":null}},"type":"binary-expr","locations":[{"start":{"line":26,"column":14},"end":{"line":26,"column":35}},{"start":{"line":26,"column":35},"end":{"line":26,"column":null}},{"start":{"line":27,"column":14},"end":{"line":27,"column":null}}],"line":26},"2":{"loc":{"start":{"line":37,"column":12},"end":{"line":37,"column":null}},"type":"cond-expr","locations":[{"start":{"line":37,"column":38},"end":{"line":37,"column":55}},{"start":{"line":37,"column":55},"end":{"line":37,"column":null}}],"line":37},"3":{"loc":{"start":{"line":55,"column":12},"end":{"line":55,"column":null}},"type":"cond-expr","locations":[{"start":{"line":55,"column":35},"end":{"line":55,"column":52}},{"start":{"line":55,"column":52},"end":{"line":55,"column":null}}],"line":55},"4":{"loc":{"start":{"line":60,"column":13},"end":{"line":63,"column":null}},"type":"binary-expr","locations":[{"start":{"line":60,"column":13},"end":{"line":60,"column":null}},{"start":{"line":61,"column":14},"end":{"line":63,"column":null}}],"line":60},"5":{"loc":{"start":{"line":73,"column":12},"end":{"line":73,"column":null}},"type":"cond-expr","locations":[{"start":{"line":73,"column":38},"end":{"line":73,"column":55}},{"start":{"line":73,"column":55},"end":{"line":73,"column":null}}],"line":73},"6":{"loc":{"start":{"line":84,"column":12},"end":{"line":84,"column":null}},"type":"cond-expr","locations":[{"start":{"line":84,"column":39},"end":{"line":84,"column":56}},{"start":{"line":84,"column":56},"end":{"line":84,"column":null}}],"line":84}},"s":{"0":4,"1":4,"2":4,"3":4,"4":20,"5":4,"6":0,"7":1,"8":0,"9":0,"10":0,"11":0},"f":{"0":4,"1":20,"2":0,"3":1,"4":0,"5":0,"6":0,"7":0},"b":{"0":[4,0],"1":[4,4,1],"2":[0,4],"3":[0,4],"4":[4,1],"5":[0,4],"6":[0,4]},"meta":{"lastBranch":7,"lastFunction":8,"lastStatement":12,"seen":{"f:7:16:7:28":0,"s:8:8:8:Infinity":0,"s:9:8:9:Infinity":1,"s:10:31:10:Infinity":2,"s:12:19:12:Infinity":3,"f:12:19:12:20":1,"s:12:37:12:Infinity":4,"s:14:2:91:Infinity":5,"f:18:19:18:25":2,"s:18:25:18:Infinity":6,"b:21:28:21:45:21:45:21:Infinity":0,"b:26:14:26:35:26:35:26:Infinity:27:14:27:Infinity":1,"f:34:19:34:25":3,"s:34:25:34:Infinity":7,"b:37:38:37:55:37:55:37:Infinity":2,"f:45:19:45:25":4,"s:45:25:45:Infinity":8,"f:52:19:52:25":5,"s:52:25:52:Infinity":9,"b:55:35:55:52:55:52:55:Infinity":3,"b:60:13:60:Infinity:61:14:63:Infinity":4,"f:70:19:70:25":6,"s:70:25:70:Infinity":10,"b:73:38:73:55:73:55:73:Infinity":5,"f:81:19:81:25":7,"s:81:25:81:Infinity":11,"b:84:39:84:56:84:56:84:Infinity":6}}}
,"/Users/pierre/Developer/Perso/Reps/reps/src/components/LoadingSpinner.tsx": {"path":"/Users/pierre/Developer/Perso/Reps/reps/src/components/LoadingSpinner.tsx","statementMap":{"0":{"start":{"line":13,"column":22},"end":{"line":17,"column":null}},"1":{"start":{"line":19,"column":2},"end":{"line":22,"column":null}}},"fnMap":{"0":{"name":"LoadingSpinner","decl":{"start":{"line":12,"column":16},"end":{"line":12,"column":31}},"loc":{"start":{"line":12,"column":80},"end":{"line":24,"column":null}},"line":12}},"branchMap":{"0":{"loc":{"start":{"line":12,"column":44},"end":{"line":12,"column":56}},"type":"default-arg","locations":[{"start":{"line":12,"column":51},"end":{"line":12,"column":56}}],"line":12}},"s":{"0":2,"1":2},"f":{"0":2},"b":{"0":[2]},"meta":{"lastBranch":1,"lastFunction":1,"lastStatement":2,"seen":{"f:12:16:12:31":0,"b:12:51:12:56":0,"s:13:22:17:Infinity":0,"s:19:2:22:Infinity":1}}}
,"/Users/pierre/Developer/Perso/Reps/reps/src/components/UserAvatar.tsx": {"path":"/Users/pierre/Developer/Perso/Reps/reps/src/components/UserAvatar.tsx","statementMap":{"0":{"start":{"line":16,"column":23},"end":{"line":16,"column":null}},"1":{"start":{"line":18,"column":22},"end":{"line":23,"column":null}},"2":{"start":{"line":25,"column":2},"end":{"line":36,"column":null}}},"fnMap":{"0":{"name":"UserAvatar","decl":{"start":{"line":11,"column":16},"end":{"line":11,"column":27}},"loc":{"start":{"line":11,"column":85},"end":{"line":38,"column":null}},"line":11}},"branchMap":{"0":{"loc":{"start":{"line":11,"column":42},"end":{"line":11,"column":55}},"type":"default-arg","locations":[{"start":{"line":11,"column":49},"end":{"line":11,"column":55}}],"line":11},"1":{"loc":{"start":{"line":16,"column":23},"end":{"line":16,"column":null}},"type":"binary-expr","locations":[{"start":{"line":16,"column":23},"end":{"line":16,"column":32}},{"start":{"line":16,"column":32},"end":{"line":16,"column":53}},{"start":{"line":16,"column":53},"end":{"line":16,"column":null}}],"line":16}},"s":{"0":9,"1":9,"2":9},"f":{"0":9},"b":{"0":[9],"1":[9,7,6]},"meta":{"lastBranch":2,"lastFunction":1,"lastStatement":3,"seen":{"f:11:16:11:27":0,"b:11:49:11:55":0,"s:16:23:16:Infinity":0,"b:16:23:16:32:16:32:16:53:16:53:16:Infinity":1,"s:18:22:23:Infinity":1,"s:25:2:36:Infinity":2}}}
,"/Users/pierre/Developer/Perso/Reps/reps/src/components/challenges/ChallengeCard.tsx": {"path":"/Users/pierre/Developer/Perso/Reps/reps/src/components/challenges/ChallengeCard.tsx","statementMap":{"0":{"start":{"line":47,"column":8},"end":{"line":47,"column":null}},"1":{"start":{"line":48,"column":16},"end":{"line":48,"column":null}},"2":{"start":{"line":49,"column":38},"end":{"line":49,"column":null}},"3":{"start":{"line":50,"column":15},"end":{"line":50,"column":null}},"4":{"start":{"line":53,"column":14},"end":{"line":55,"column":null}},"5":{"start":{"line":58,"column":2},"end":{"line":100,"column":null}},"6":{"start":{"line":60,"column":27},"end":{"line":60,"column":null}},"7":{"start":{"line":61,"column":4},"end":{"line":61,"column":null}},"8":{"start":{"line":61,"column":25},"end":{"line":61,"column":null}},"9":{"start":{"line":63,"column":4},"end":{"line":98,"column":null}},"10":{"start":{"line":93,"column":35},"end":{"line":93,"column":60}},"11":{"start":{"line":103,"column":19},"end":{"line":103,"column":null}},"12":{"start":{"line":104,"column":20},"end":{"line":104,"column":null}},"13":{"start":{"line":105,"column":15},"end":{"line":105,"column":null}},"14":{"start":{"line":106,"column":17},"end":{"line":106,"column":null}},"15":{"start":{"line":107,"column":21},"end":{"line":107,"column":null}},"16":{"start":{"line":108,"column":31},"end":{"line":108,"column":null}},"17":{"start":{"line":109,"column":15},"end":{"line":109,"column":null}},"18":{"start":{"line":110,"column":17},"end":{"line":110,"column":null}},"19":{"start":{"line":112,"column":2},"end":{"line":137,"column":null}},"20":{"start":{"line":113,"column":20},"end":{"line":113,"column":null}},"21":{"start":{"line":115,"column":31},"end":{"line":115,"column":null}},"22":{"start":{"line":118,"column":29},"end":{"line":118,"column":null}},"23":{"start":{"line":119,"column":6},"end":{"line":119,"column":null}},"24":{"start":{"line":122,"column":6},"end":{"line":122,"column":null}},"25":{"start":{"line":122,"column":40},"end":{"line":122,"column":null}},"26":{"start":{"line":124,"column":6},"end":{"line":124,"column":null}},"27":{"start":{"line":125,"column":6},"end":{"line":125,"column":null}},"28":{"start":{"line":126,"column":6},"end":{"line":126,"column":null}},"29":{"start":{"line":129,"column":25},"end":{"line":129,"column":null}},"30":{"start":{"line":130,"column":6},"end":{"line":130,"column":null}},"31":{"start":{"line":132,"column":6},"end":{"line":132,"column":null}},"32":{"start":{"line":133,"column":6},"end":{"line":133,"column":null}},"33":{"start":{"line":136,"column":6},"end":{"line":136,"column":null}},"34":{"start":{"line":139,"column":24},"end":{"line":157,"column":null}},"35":{"start":{"line":140,"column":4},"end":{"line":140,"column":null}},"36":{"start":{"line":140,"column":26},"end":{"line":140,"column":null}},"37":{"start":{"line":141,"column":4},"end":{"line":156,"column":null}},"38":{"start":{"line":142,"column":8},"end":{"line":142,"column":null}},"39":{"start":{"line":142,"column":103},"end":{"line":142,"column":null}},"40":{"start":{"line":144,"column":8},"end":{"line":144,"column":null}},"41":{"start":{"line":145,"column":8},"end":{"line":148,"column":null}},"42":{"start":{"line":149,"column":8},"end":{"line":149,"column":null}},"43":{"start":{"line":151,"column":8},"end":{"line":155,"column":null}},"44":{"start":{"line":159,"column":25},"end":{"line":194,"column":null}},"45":{"start":{"line":160,"column":4},"end":{"line":160,"column":null}},"46":{"start":{"line":160,"column":26},"end":{"line":160,"column":null}},"47":{"start":{"line":161,"column":4},"end":{"line":161,"column":null}},"48":{"start":{"line":162,"column":4},"end":{"line":193,"column":null}},"49":{"start":{"line":163,"column":26},"end":{"line":163,"column":null}},"50":{"start":{"line":164,"column":14},"end":{"line":164,"column":null}},"51":{"start":{"line":167,"column":8},"end":{"line":167,"column":null}},"52":{"start":{"line":170,"column":8},"end":{"line":175,"column":null}},"53":{"start":{"line":177,"column":8},"end":{"line":177,"column":null}},"54":{"start":{"line":179,"column":8},"end":{"line":182,"column":null}},"55":{"start":{"line":183,"column":8},"end":{"line":183,"column":null}},"56":{"start":{"line":185,"column":8},"end":{"line":185,"column":null}},"57":{"start":{"line":186,"column":8},"end":{"line":190,"column":null}},"58":{"start":{"line":192,"column":8},"end":{"line":192,"column":null}},"59":{"start":{"line":196,"column":19},"end":{"line":204,"column":null}},"60":{"start":{"line":197,"column":6},"end":{"line":197,"column":null}},"61":{"start":{"line":197,"column":34},"end":{"line":197,"column":null}},"62":{"start":{"line":198,"column":6},"end":{"line":198,"column":null}},"63":{"start":{"line":198,"column":34},"end":{"line":198,"column":null}},"64":{"start":{"line":199,"column":6},"end":{"line":199,"column":null}},"65":{"start":{"line":199,"column":33},"end":{"line":199,"column":null}},"66":{"start":{"line":200,"column":6},"end":{"line":200,"column":null}},"67":{"start":{"line":200,"column":31},"end":{"line":200,"column":null}},"68":{"start":{"line":201,"column":6},"end":{"line":201,"column":null}},"69":{"start":{"line":201,"column":30},"end":{"line":201,"column":null}},"70":{"start":{"line":202,"column":6},"end":{"line":202,"column":null}},"71":{"start":{"line":202,"column":34},"end":{"line":202,"column":null}},"72":{"start":{"line":203,"column":6},"end":{"line":203,"column":null}},"73":{"start":{"line":211,"column":20},"end":{"line":211,"column":null}},"74":{"start":{"line":212,"column":2},"end":{"line":220,"column":null}},"75":{"start":{"line":213,"column":6},"end":{"line":213,"column":null}},"76":{"start":{"line":214,"column":2},"end":{"line":220,"column":null}},"77":{"start":{"line":216,"column":7},"end":{"line":219,"column":null}},"78":{"start":{"line":216,"column":38},"end":{"line":216,"column":null}},"79":{"start":{"line":216,"column":52},"end":{"line":219,"column":null}},"80":{"start":{"line":217,"column":45},"end":{"line":217,"column":null}},"81":{"start":{"line":217,"column":59},"end":{"line":219,"column":null}},"82":{"start":{"line":218,"column":43},"end":{"line":218,"column":null}},"83":{"start":{"line":219,"column":12},"end":{"line":219,"column":null}},"84":{"start":{"line":222,"column":26},"end":{"line":222,"column":null}},"85":{"start":{"line":223,"column":2},"end":{"line":228,"column":null}},"86":{"start":{"line":224,"column":7},"end":{"line":227,"column":null}},"87":{"start":{"line":224,"column":38},"end":{"line":224,"column":null}},"88":{"start":{"line":224,"column":58},"end":{"line":227,"column":null}},"89":{"start":{"line":225,"column":45},"end":{"line":225,"column":null}},"90":{"start":{"line":225,"column":65},"end":{"line":227,"column":null}},"91":{"start":{"line":226,"column":43},"end":{"line":226,"column":null}},"92":{"start":{"line":227,"column":12},"end":{"line":227,"column":null}},"93":{"start":{"line":231,"column":21},"end":{"line":231,"column":null}},"94":{"start":{"line":232,"column":2},"end":{"line":238,"column":null}},"95":{"start":{"line":234,"column":7},"end":{"line":234,"column":null}},"96":{"start":{"line":235,"column":7},"end":{"line":237,"column":null}},"97":{"start":{"line":236,"column":11},"end":{"line":236,"column":null}},"98":{"start":{"line":240,"column":2},"end":{"line":410,"column":null}},"99":{"start":{"line":399,"column":39},"end":{"line":399,"column":null}}},"fnMap":{"0":{"name":"ChallengeCard","decl":{"start":{"line":46,"column":16},"end":{"line":46,"column":30}},"loc":{"start":{"line":46,"column":128},"end":{"line":412,"column":null}},"line":46},"1":{"name":"(anonymous_1)","decl":{"start":{"line":93,"column":29},"end":{"line":93,"column":35}},"loc":{"start":{"line":93,"column":35},"end":{"line":93,"column":60}},"line":93},"2":{"name":"(anonymous_2)","decl":{"start":{"line":139,"column":24},"end":{"line":139,"column":36}},"loc":{"start":{"line":139,"column":36},"end":{"line":157,"column":null}},"line":139},"3":{"name":"(anonymous_3)","decl":{"start":{"line":159,"column":25},"end":{"line":159,"column":37}},"loc":{"start":{"line":159,"column":37},"end":{"line":194,"column":null}},"line":159},"4":{"name":"(anonymous_4)","decl":{"start":{"line":196,"column":19},"end":{"line":196,"column":20}},"loc":{"start":{"line":196,"column":35},"end":{"line":204,"column":null}},"line":196},"5":{"name":"(anonymous_5)","decl":{"start":{"line":399,"column":33},"end":{"line":399,"column":39}},"loc":{"start":{"line":399,"column":39},"end":{"line":399,"column":null}},"line":399}},"branchMap":{"0":{"loc":{"start":{"line":53,"column":14},"end":{"line":55,"column":null}},"type":"cond-expr","locations":[{"start":{"line":54,"column":7},"end":{"line":54,"column":null}},{"start":{"line":55,"column":6},"end":{"line":55,"column":null}}],"line":53},"1":{"loc":{"start":{"line":54,"column":7},"end":{"line":54,"column":null}},"type":"binary-expr","locations":[{"start":{"line":54,"column":7},"end":{"line":54,"column":45}},{"start":{"line":54,"column":23},"end":{"line":54,"column":null}}],"line":54},"2":{"loc":{"start":{"line":58,"column":2},"end":{"line":100,"column":null}},"type":"if","locations":[{"start":{"line":58,"column":2},"end":{"line":100,"column":null}},{"start":{},"end":{}}],"line":58},"3":{"loc":{"start":{"line":61,"column":4},"end":{"line":61,"column":null}},"type":"if","locations":[{"start":{"line":61,"column":4},"end":{"line":61,"column":null}},{"start":{},"end":{}}],"line":61},"4":{"loc":{"start":{"line":112,"column":2},"end":{"line":137,"column":null}},"type":"if","locations":[{"start":{"line":112,"column":2},"end":{"line":137,"column":null}},{"start":{"line":134,"column":9},"end":{"line":137,"column":null}}],"line":112},"5":{"loc":{"start":{"line":112,"column":6},"end":{"line":112,"column":35}},"type":"binary-expr","locations":[{"start":{"line":112,"column":6},"end":{"line":112,"column":18}},{"start":{"line":112,"column":18},"end":{"line":112,"column":35}}],"line":112},"6":{"loc":{"start":{"line":122,"column":6},"end":{"line":122,"column":null}},"type":"if","locations":[{"start":{"line":122,"column":6},"end":{"line":122,"column":null}},{"start":{},"end":{}}],"line":122},"7":{"loc":{"start":{"line":140,"column":4},"end":{"line":140,"column":null}},"type":"if","locations":[{"start":{"line":140,"column":4},"end":{"line":140,"column":null}},{"start":{},"end":{}}],"line":140},"8":{"loc":{"start":{"line":142,"column":8},"end":{"line":142,"column":null}},"type":"if","locations":[{"start":{"line":142,"column":8},"end":{"line":142,"column":null}},{"start":{},"end":{}}],"line":142},"9":{"loc":{"start":{"line":160,"column":4},"end":{"line":160,"column":null}},"type":"if","locations":[{"start":{"line":160,"column":4},"end":{"line":160,"column":null}},{"start":{},"end":{}}],"line":160},"10":{"loc":{"start":{"line":180,"column":19},"end":{"line":180,"column":null}},"type":"cond-expr","locations":[{"start":{"line":180,"column":28},"end":{"line":180,"column":55}},{"start":{"line":180,"column":55},"end":{"line":180,"column":null}}],"line":180},"11":{"loc":{"start":{"line":197,"column":6},"end":{"line":197,"column":null}},"type":"if","locations":[{"start":{"line":197,"column":6},"end":{"line":197,"column":null}},{"start":{},"end":{}}],"line":197},"12":{"loc":{"start":{"line":198,"column":6},"end":{"line":198,"column":null}},"type":"if","locations":[{"start":{"line":198,"column":6},"end":{"line":198,"column":null}},{"start":{},"end":{}}],"line":198},"13":{"loc":{"start":{"line":199,"column":6},"end":{"line":199,"column":null}},"type":"if","locations":[{"start":{"line":199,"column":6},"end":{"line":199,"column":null}},{"start":{},"end":{}}],"line":199},"14":{"loc":{"start":{"line":200,"column":6},"end":{"line":200,"column":null}},"type":"if","locations":[{"start":{"line":200,"column":6},"end":{"line":200,"column":null}},{"start":{},"end":{}}],"line":200},"15":{"loc":{"start":{"line":201,"column":6},"end":{"line":201,"column":null}},"type":"if","locations":[{"start":{"line":201,"column":6},"end":{"line":201,"column":null}},{"start":{},"end":{}}],"line":201},"16":{"loc":{"start":{"line":202,"column":6},"end":{"line":202,"column":null}},"type":"if","locations":[{"start":{"line":202,"column":6},"end":{"line":202,"column":null}},{"start":{},"end":{}}],"line":202},"17":{"loc":{"start":{"line":212,"column":2},"end":{"line":220,"column":null}},"type":"if","locations":[{"start":{"line":212,"column":2},"end":{"line":220,"column":null}},{"start":{"line":214,"column":2},"end":{"line":220,"column":null}}],"line":212},"18":{"loc":{"start":{"line":212,"column":6},"end":{"line":212,"column":31}},"type":"binary-expr","locations":[{"start":{"line":212,"column":6},"end":{"line":212,"column":18}},{"start":{"line":212,"column":18},"end":{"line":212,"column":31}}],"line":212},"19":{"loc":{"start":{"line":214,"column":2},"end":{"line":220,"column":null}},"type":"if","locations":[{"start":{"line":214,"column":2},"end":{"line":220,"column":null}},{"start":{},"end":{}}],"line":214},"20":{"loc":{"start":{"line":216,"column":7},"end":{"line":219,"column":null}},"type":"if","locations":[{"start":{"line":216,"column":7},"end":{"line":219,"column":null}},{"start":{"line":216,"column":52},"end":{"line":219,"column":null}}],"line":216},"21":{"loc":{"start":{"line":216,"column":52},"end":{"line":219,"column":null}},"type":"if","locations":[{"start":{"line":216,"column":52},"end":{"line":219,"column":null}},{"start":{"line":217,"column":59},"end":{"line":219,"column":null}}],"line":216},"22":{"loc":{"start":{"line":217,"column":59},"end":{"line":219,"column":null}},"type":"if","locations":[{"start":{"line":217,"column":59},"end":{"line":219,"column":null}},{"start":{"line":219,"column":12},"end":{"line":219,"column":null}}],"line":217},"23":{"loc":{"start":{"line":223,"column":2},"end":{"line":228,"column":null}},"type":"if","locations":[{"start":{"line":223,"column":2},"end":{"line":228,"column":null}},{"start":{},"end":{}}],"line":223},"24":{"loc":{"start":{"line":224,"column":7},"end":{"line":227,"column":null}},"type":"if","locations":[{"start":{"line":224,"column":7},"end":{"line":227,"column":null}},{"start":{"line":224,"column":58},"end":{"line":227,"column":null}}],"line":224},"25":{"loc":{"start":{"line":224,"column":58},"end":{"line":227,"column":null}},"type":"if","locations":[{"start":{"line":224,"column":58},"end":{"line":227,"column":null}},{"start":{"line":225,"column":65},"end":{"line":227,"column":null}}],"line":224},"26":{"loc":{"start":{"line":225,"column":65},"end":{"line":227,"column":null}},"type":"if","locations":[{"start":{"line":225,"column":65},"end":{"line":227,"column":null}},{"start":{"line":227,"column":12},"end":{"line":227,"column":null}}],"line":225},"27":{"loc":{"start":{"line":232,"column":2},"end":{"line":238,"column":null}},"type":"if","locations":[{"start":{"line":232,"column":2},"end":{"line":238,"column":null}},{"start":{},"end":{}}],"line":232},"28":{"loc":{"start":{"line":232,"column":6},"end":{"line":232,"column":26}},"type":"binary-expr","locations":[{"start":{"line":232,"column":6},"end":{"line":232,"column":18}},{"start":{"line":232,"column":18},"end":{"line":232,"column":26}}],"line":232},"29":{"loc":{"start":{"line":235,"column":7},"end":{"line":237,"column":null}},"type":"if","locations":[{"start":{"line":235,"column":7},"end":{"line":237,"column":null}},{"start":{},"end":{}}],"line":235},"30":{"loc":{"start":{"line":257,"column":32},"end":{"line":260,"column":null}},"type":"cond-expr","locations":[{"start":{"line":257,"column":60},"end":{"line":257,"column":null}},{"start":{"line":258,"column":32},"end":{"line":260,"column":null}}],"line":257},"31":{"loc":{"start":{"line":258,"column":32},"end":{"line":260,"column":null}},"type":"cond-expr","locations":[{"start":{"line":258,"column":62},"end":{"line":258,"column":null}},{"start":{"line":259,"column":32},"end":{"line":260,"column":null}}],"line":258},"32":{"loc":{"start":{"line":259,"column":32},"end":{"line":260,"column":null}},"type":"cond-expr","locations":[{"start":{"line":259,"column":60},"end":{"line":259,"column":null}},{"start":{"line":260,"column":32},"end":{"line":260,"column":null}}],"line":259},"33":{"loc":{"start":{"line":262,"column":33},"end":{"line":264,"column":null}},"type":"cond-expr","locations":[{"start":{"line":262,"column":64},"end":{"line":262,"column":null}},{"start":{"line":263,"column":33},"end":{"line":264,"column":null}}],"line":262},"34":{"loc":{"start":{"line":263,"column":33},"end":{"line":264,"column":null}},"type":"cond-expr","locations":[{"start":{"line":263,"column":61},"end":{"line":263,"column":null}},{"start":{"line":264,"column":33},"end":{"line":264,"column":null}}],"line":263},"35":{"loc":{"start":{"line":264,"column":33},"end":{"line":264,"column":null}},"type":"cond-expr","locations":[{"start":{"line":264,"column":63},"end":{"line":264,"column":73}},{"start":{"line":264,"column":73},"end":{"line":264,"column":null}}],"line":264},"36":{"loc":{"start":{"line":268,"column":29},"end":{"line":271,"column":null}},"type":"binary-expr","locations":[{"start":{"line":268,"column":29},"end":{"line":268,"column":41}},{"start":{"line":268,"column":41},"end":{"line":268,"column":null}},{"start":{"line":269,"column":32},"end":{"line":271,"column":null}}],"line":268},"37":{"loc":{"start":{"line":275,"column":29},"end":{"line":278,"column":null}},"type":"binary-expr","locations":[{"start":{"line":275,"column":29},"end":{"line":275,"column":null}},{"start":{"line":276,"column":32},"end":{"line":278,"column":null}}],"line":275},"38":{"loc":{"start":{"line":282,"column":29},"end":{"line":290,"column":null}},"type":"binary-expr","locations":[{"start":{"line":282,"column":29},"end":{"line":282,"column":null}},{"start":{"line":283,"column":32},"end":{"line":290,"column":null}}],"line":282},"39":{"loc":{"start":{"line":299,"column":17},"end":{"line":302,"column":null}},"type":"binary-expr","locations":[{"start":{"line":299,"column":17},"end":{"line":299,"column":null}},{"start":{"line":300,"column":20},"end":{"line":302,"column":null}}],"line":299},"40":{"loc":{"start":{"line":304,"column":17},"end":{"line":317,"column":null}},"type":"binary-expr","locations":[{"start":{"line":304,"column":17},"end":{"line":304,"column":null}},{"start":{"line":305,"column":21},"end":{"line":317,"column":null}}],"line":304},"41":{"loc":{"start":{"line":323,"column":9},"end":{"line":355,"column":null}},"type":"cond-expr","locations":[{"start":{"line":325,"column":12},"end":{"line":349,"column":null}},{"start":{"line":353,"column":12},"end":{"line":355,"column":null}}],"line":323},"42":{"loc":{"start":{"line":325,"column":12},"end":{"line":349,"column":null}},"type":"cond-expr","locations":[{"start":{"line":326,"column":16},"end":{"line":331,"column":null}},{"start":{"line":334,"column":16},"end":{"line":349,"column":null}}],"line":325},"43":{"loc":{"start":{"line":328,"column":45},"end":{"line":328,"column":88}},"type":"cond-expr","locations":[{"start":{"line":328,"column":59},"end":{"line":328,"column":76}},{"start":{"line":328,"column":76},"end":{"line":328,"column":88}}],"line":328},"44":{"loc":{"start":{"line":329,"column":57},"end":{"line":329,"column":81}},"type":"cond-expr","locations":[{"start":{"line":329,"column":71},"end":{"line":329,"column":75}},{"start":{"line":329,"column":75},"end":{"line":329,"column":81}}],"line":329},"45":{"loc":{"start":{"line":359,"column":67},"end":{"line":359,"column":93}},"type":"cond-expr","locations":[{"start":{"line":359,"column":78},"end":{"line":359,"column":87}},{"start":{"line":359,"column":87},"end":{"line":359,"column":93}}],"line":359},"46":{"loc":{"start":{"line":360,"column":13},"end":{"line":404,"column":null}},"type":"cond-expr","locations":[{"start":{"line":361,"column":16},"end":{"line":384,"column":null}},{"start":{"line":387,"column":16},"end":{"line":404,"column":null}}],"line":360},"47":{"loc":{"start":{"line":362,"column":53},"end":{"line":362,"column":84}},"type":"cond-expr","locations":[{"start":{"line":362,"column":67},"end":{"line":362,"column":82}},{"start":{"line":362,"column":82},"end":{"line":362,"column":84}}],"line":362},"48":{"loc":{"start":{"line":364,"column":29},"end":{"line":364,"column":null}},"type":"cond-expr","locations":[{"start":{"line":364,"column":38},"end":{"line":364,"column":53}},{"start":{"line":364,"column":53},"end":{"line":364,"column":null}}],"line":364},"49":{"loc":{"start":{"line":374,"column":21},"end":{"line":382,"column":null}},"type":"cond-expr","locations":[{"start":{"line":375,"column":24},"end":{"line":378,"column":null}},{"start":{"line":380,"column":24},"end":{"line":382,"column":null}}],"line":374},"50":{"loc":{"start":{"line":380,"column":107},"end":{"line":380,"column":156}},"type":"cond-expr","locations":[{"start":{"line":380,"column":116},"end":{"line":380,"column":154}},{"start":{"line":380,"column":154},"end":{"line":380,"column":156}}],"line":380},"51":{"loc":{"start":{"line":381,"column":29},"end":{"line":381,"column":null}},"type":"cond-expr","locations":[{"start":{"line":381,"column":44},"end":{"line":381,"column":75}},{"start":{"line":381,"column":75},"end":{"line":381,"column":null}}],"line":381},"52":{"loc":{"start":{"line":381,"column":75},"end":{"line":381,"column":null}},"type":"cond-expr","locations":[{"start":{"line":381,"column":84},"end":{"line":381,"column":115}},{"start":{"line":381,"column":115},"end":{"line":381,"column":null}}],"line":381},"53":{"loc":{"start":{"line":402,"column":25},"end":{"line":402,"column":null}},"type":"cond-expr","locations":[{"start":{"line":402,"column":37},"end":{"line":402,"column":67}},{"start":{"line":402,"column":67},"end":{"line":402,"column":null}}],"line":402}},"s":{"0":8,"1":8,"2":8,"3":8,"4":8,"5":8,"6":0,"7":0,"8":0,"9":0,"10":0,"11":8,"12":8,"13":8,"14":8,"15":8,"16":8,"17":8,"18":8,"19":8,"20":6,"21":6,"22":6,"23":6,"24":6,"25":0,"26":6,"27":6,"28":6,"29":6,"30":6,"31":6,"32":6,"33":2,"34":8,"35":0,"36":0,"37":0,"38":0,"39":0,"40":0,"41":0,"42":0,"43":0,"44":8,"45":1,"46":0,"47":1,"48":1,"49":1,"50":1,"51":1,"52":1,"53":1,"54":1,"55":1,"56":0,"57":0,"58":1,"59":8,"60":8,"61":8,"62":0,"63":0,"64":0,"65":0,"66":0,"67":0,"68":0,"69":0,"70":0,"71":0,"72":0,"73":8,"74":8,"75":1,"76":7,"77":2,"78":2,"79":0,"80":0,"81":0,"82":0,"83":0,"84":8,"85":8,"86":2,"87":2,"88":0,"89":0,"90":0,"91":0,"92":0,"93":8,"94":8,"95":1,"96":1,"97":1,"98":8,"99":1},"f":{"0":8,"1":0,"2":0,"3":1,"4":8,"5":1},"b":{"0":[6,2],"1":[6,0],"2":[0,8],"3":[0,0],"4":[6,2],"5":[8,6],"6":[0,6],"7":[0,0],"8":[0,0],"9":[0,1],"10":[0,1],"11":[8,0],"12":[0,0],"13":[0,0],"14":[0,0],"15":[0,0],"16":[0,0],"17":[1,7],"18":[8,6],"19":[2,5],"20":[2,0],"21":[0,0],"22":[0,0],"23":[2,6],"24":[2,0],"25":[0,0],"26":[0,0],"27":[1,7],"28":[8,6],"29":[1,0],"30":[8,0],"31":[0,0],"32":[0,0],"33":[0,8],"34":[0,8],"35":[0,8],"36":[8,6,1],"37":[8,6],"38":[8,2],"39":[8,1],"40":[8,6],"41":[6,2],"42":[6,0],"43":[1,5],"44":[1,5],"45":[0,8],"46":[6,2],"47":[1,5],"48":[1,5],"49":[1,5],"50":[1,4],"51":[1,4],"52":[1,3],"53":[0,2]},"meta":{"lastBranch":54,"lastFunction":6,"lastStatement":100,"seen":{"f:46:16:46:30":0,"s:47:8:47:Infinity":0,"s:48:16:48:Infinity":1,"s:49:38:49:Infinity":2,"s:50:15:50:Infinity":3,"s:53:14:55:Infinity":4,"b:54:7:54:Infinity:55:6:55:Infinity":0,"b:54:7:54:45:54:23:54:Infinity":1,"b:58:2:100:Infinity:undefined:undefined:undefined:undefined":2,"s:58:2:100:Infinity":5,"s:60:27:60:Infinity":6,"b:61:4:61:Infinity:undefined:undefined:undefined:undefined":3,"s:61:4:61:Infinity":7,"s:61:25:61:Infinity":8,"s:63:4:98:Infinity":9,"f:93:29:93:35":1,"s:93:35:93:60":10,"s:103:19:103:Infinity":11,"s:104:20:104:Infinity":12,"s:105:15:105:Infinity":13,"s:106:17:106:Infinity":14,"s:107:21:107:Infinity":15,"s:108:31:108:Infinity":16,"s:109:15:109:Infinity":17,"s:110:17:110:Infinity":18,"b:112:2:137:Infinity:134:9:137:Infinity":4,"s:112:2:137:Infinity":19,"b:112:6:112:18:112:18:112:35":5,"s:113:20:113:Infinity":20,"s:115:31:115:Infinity":21,"s:118:29:118:Infinity":22,"s:119:6:119:Infinity":23,"b:122:6:122:Infinity:undefined:undefined:undefined:undefined":6,"s:122:6:122:Infinity":24,"s:122:40:122:Infinity":25,"s:124:6:124:Infinity":26,"s:125:6:125:Infinity":27,"s:126:6:126:Infinity":28,"s:129:25:129:Infinity":29,"s:130:6:130:Infinity":30,"s:132:6:132:Infinity":31,"s:133:6:133:Infinity":32,"s:136:6:136:Infinity":33,"s:139:24:157:Infinity":34,"f:139:24:139:36":2,"b:140:4:140:Infinity:undefined:undefined:undefined:undefined":7,"s:140:4:140:Infinity":35,"s:140:26:140:Infinity":36,"s:141:4:156:Infinity":37,"b:142:8:142:Infinity:undefined:undefined:undefined:undefined":8,"s:142:8:142:Infinity":38,"s:142:103:142:Infinity":39,"s:144:8:144:Infinity":40,"s:145:8:148:Infinity":41,"s:149:8:149:Infinity":42,"s:151:8:155:Infinity":43,"s:159:25:194:Infinity":44,"f:159:25:159:37":3,"b:160:4:160:Infinity:undefined:undefined:undefined:undefined":9,"s:160:4:160:Infinity":45,"s:160:26:160:Infinity":46,"s:161:4:161:Infinity":47,"s:162:4:193:Infinity":48,"s:163:26:163:Infinity":49,"s:164:14:164:Infinity":50,"s:167:8:167:Infinity":51,"s:170:8:175:Infinity":52,"s:177:8:177:Infinity":53,"s:179:8:182:Infinity":54,"b:180:28:180:55:180:55:180:Infinity":10,"s:183:8:183:Infinity":55,"s:185:8:185:Infinity":56,"s:186:8:190:Infinity":57,"s:192:8:192:Infinity":58,"s:196:19:204:Infinity":59,"f:196:19:196:20":4,"b:197:6:197:Infinity:undefined:undefined:undefined:undefined":11,"s:197:6:197:Infinity":60,"s:197:34:197:Infinity":61,"b:198:6:198:Infinity:undefined:undefined:undefined:undefined":12,"s:198:6:198:Infinity":62,"s:198:34:198:Infinity":63,"b:199:6:199:Infinity:undefined:undefined:undefined:undefined":13,"s:199:6:199:Infinity":64,"s:199:33:199:Infinity":65,"b:200:6:200:Infinity:undefined:undefined:undefined:undefined":14,"s:200:6:200:Infinity":66,"s:200:31:200:Infinity":67,"b:201:6:201:Infinity:undefined:undefined:undefined:undefined":15,"s:201:6:201:Infinity":68,"s:201:30:201:Infinity":69,"b:202:6:202:Infinity:undefined:undefined:undefined:undefined":16,"s:202:6:202:Infinity":70,"s:202:34:202:Infinity":71,"s:203:6:203:Infinity":72,"s:211:20:211:Infinity":73,"b:212:2:220:Infinity:214:2:220:Infinity":17,"s:212:2:220:Infinity":74,"b:212:6:212:18:212:18:212:31":18,"s:213:6:213:Infinity":75,"b:214:2:220:Infinity:undefined:undefined:undefined:undefined":19,"s:214:2:220:Infinity":76,"b:216:7:219:Infinity:216:52:219:Infinity":20,"s:216:7:219:Infinity":77,"s:216:38:216:Infinity":78,"b:216:52:219:Infinity:217:59:219:Infinity":21,"s:216:52:219:Infinity":79,"s:217:45:217:Infinity":80,"b:217:59:219:Infinity:219:12:219:Infinity":22,"s:217:59:219:Infinity":81,"s:218:43:218:Infinity":82,"s:219:12:219:Infinity":83,"s:222:26:222:Infinity":84,"b:223:2:228:Infinity:undefined:undefined:undefined:undefined":23,"s:223:2:228:Infinity":85,"b:224:7:227:Infinity:224:58:227:Infinity":24,"s:224:7:227:Infinity":86,"s:224:38:224:Infinity":87,"b:224:58:227:Infinity:225:65:227:Infinity":25,"s:224:58:227:Infinity":88,"s:225:45:225:Infinity":89,"b:225:65:227:Infinity:227:12:227:Infinity":26,"s:225:65:227:Infinity":90,"s:226:43:226:Infinity":91,"s:227:12:227:Infinity":92,"s:231:21:231:Infinity":93,"b:232:2:238:Infinity:undefined:undefined:undefined:undefined":27,"s:232:2:238:Infinity":94,"b:232:6:232:18:232:18:232:26":28,"s:234:7:234:Infinity":95,"b:235:7:237:Infinity:undefined:undefined:undefined:undefined":29,"s:235:7:237:Infinity":96,"s:236:11:236:Infinity":97,"s:240:2:410:Infinity":98,"b:257:60:257:Infinity:258:32:260:Infinity":30,"b:258:62:258:Infinity:259:32:260:Infinity":31,"b:259:60:259:Infinity:260:32:260:Infinity":32,"b:262:64:262:Infinity:263:33:264:Infinity":33,"b:263:61:263:Infinity:264:33:264:Infinity":34,"b:264:63:264:73:264:73:264:Infinity":35,"b:268:29:268:41:268:41:268:Infinity:269:32:271:Infinity":36,"b:275:29:275:Infinity:276:32:278:Infinity":37,"b:282:29:282:Infinity:283:32:290:Infinity":38,"b:299:17:299:Infinity:300:20:302:Infinity":39,"b:304:17:304:Infinity:305:21:317:Infinity":40,"b:325:12:349:Infinity:353:12:355:Infinity":41,"b:326:16:331:Infinity:334:16:349:Infinity":42,"b:328:59:328:76:328:76:328:88":43,"b:329:71:329:75:329:75:329:81":44,"b:359:78:359:87:359:87:359:93":45,"b:361:16:384:Infinity:387:16:404:Infinity":46,"b:362:67:362:82:362:82:362:84":47,"b:364:38:364:53:364:53:364:Infinity":48,"b:375:24:378:Infinity:380:24:382:Infinity":49,"b:380:116:380:154:380:154:380:156":50,"b:381:44:381:75:381:75:381:Infinity":51,"b:381:84:381:115:381:115:381:Infinity":52,"f:399:33:399:39":5,"s:399:39:399:Infinity":99,"b:402:37:402:67:402:67:402:Infinity":53}}}
,"/Users/pierre/Developer/Perso/Reps/reps/src/components/layout/PageLayout.tsx": {"path":"/Users/pierre/Developer/Perso/Reps/reps/src/components/layout/PageLayout.tsx","statementMap":{"0":{"start":{"line":19,"column":17},"end":{"line":19,"column":null}},"1":{"start":{"line":20,"column":10},"end":{"line":20,"column":null}},"2":{"start":{"line":23,"column":4},"end":{"line":23,"column":null}},"3":{"start":{"line":25,"column":4},"end":{"line":103,"column":null}},"4":{"start":{"line":36,"column":51},"end":{"line":36,"column":null}},"5":{"start":{"line":67,"column":52},"end":{"line":67,"column":73}},"6":{"start":{"line":86,"column":51},"end":{"line":86,"column":null}}},"fnMap":{"0":{"name":"PageLayout","decl":{"start":{"line":18,"column":16},"end":{"line":18,"column":27}},"loc":{"start":{"line":18,"column":136},"end":{"line":105,"column":null}},"line":18},"1":{"name":"(anonymous_1)","decl":{"start":{"line":36,"column":45},"end":{"line":36,"column":51}},"loc":{"start":{"line":36,"column":51},"end":{"line":36,"column":null}},"line":36},"2":{"name":"(anonymous_2)","decl":{"start":{"line":67,"column":46},"end":{"line":67,"column":52}},"loc":{"start":{"line":67,"column":52},"end":{"line":67,"column":73}},"line":67},"3":{"name":"(anonymous_3)","decl":{"start":{"line":86,"column":45},"end":{"line":86,"column":51}},"loc":{"start":{"line":86,"column":51},"end":{"line":86,"column":null}},"line":86}},"branchMap":{"0":{"loc":{"start":{"line":18,"column":80},"end":{"line":18,"column":101}},"type":"default-arg","locations":[{"start":{"line":18,"column":90},"end":{"line":18,"column":101}}],"line":18},"1":{"loc":{"start":{"line":18,"column":101},"end":{"line":18,"column":116}},"type":"default-arg","locations":[{"start":{"line":18,"column":113},"end":{"line":18,"column":116}}],"line":18},"2":{"loc":{"start":{"line":31,"column":21},"end":{"line":74,"column":null}},"type":"cond-expr","locations":[{"start":{"line":32,"column":24},"end":{"line":48,"column":null}},{"start":{"line":50,"column":24},"end":{"line":74,"column":null}}],"line":31},"3":{"loc":{"start":{"line":57,"column":33},"end":{"line":63,"column":null}},"type":"binary-expr","locations":[{"start":{"line":57,"column":33},"end":{"line":57,"column":null}},{"start":{"line":58,"column":36},"end":{"line":63,"column":null}}],"line":57},"4":{"loc":{"start":{"line":59,"column":69},"end":{"line":59,"column":153}},"type":"cond-expr","locations":[{"start":{"line":59,"column":94},"end":{"line":59,"column":130}},{"start":{"line":59,"column":130},"end":{"line":59,"column":153}}],"line":59},"5":{"loc":{"start":{"line":60,"column":78},"end":{"line":60,"column":167}},"type":"cond-expr","locations":[{"start":{"line":60,"column":103},"end":{"line":60,"column":144}},{"start":{"line":60,"column":144},"end":{"line":60,"column":167}}],"line":60},"6":{"loc":{"start":{"line":61,"column":45},"end":{"line":61,"column":null}},"type":"binary-expr","locations":[{"start":{"line":61,"column":45},"end":{"line":61,"column":67}},{"start":{"line":61,"column":67},"end":{"line":61,"column":null}}],"line":61},"7":{"loc":{"start":{"line":69,"column":37},"end":{"line":70,"column":null}},"type":"binary-expr","locations":[{"start":{"line":69,"column":37},"end":{"line":69,"column":58}},{"start":{"line":69,"column":58},"end":{"line":69,"column":null}},{"start":{"line":70,"column":40},"end":{"line":70,"column":null}}],"line":69},"8":{"loc":{"start":{"line":80,"column":13},"end":{"line":96,"column":null}},"type":"binary-expr","locations":[{"start":{"line":80,"column":13},"end":{"line":80,"column":38}},{"start":{"line":80,"column":38},"end":{"line":80,"column":49}},{"start":{"line":80,"column":49},"end":{"line":80,"column":null}},{"start":{"line":81,"column":16},"end":{"line":96,"column":null}}],"line":80},"9":{"loc":{"start":{"line":84,"column":29},"end":{"line":90,"column":null}},"type":"binary-expr","locations":[{"start":{"line":84,"column":29},"end":{"line":84,"column":null}},{"start":{"line":85,"column":32},"end":{"line":90,"column":null}}],"line":84}},"s":{"0":4,"1":4,"2":4,"3":4,"4":0,"5":0,"6":0},"f":{"0":4,"1":0,"2":0,"3":0},"b":{"0":[4],"1":[4],"2":[0,4],"3":[4,4],"4":[0,4],"5":[0,4],"6":[4,4],"7":[4,0,0],"8":[4,4,0,0],"9":[0,0]},"meta":{"lastBranch":10,"lastFunction":4,"lastStatement":7,"seen":{"f:18:16:18:27":0,"b:18:90:18:101":0,"b:18:113:18:116":1,"s:19:17:19:Infinity":0,"s:20:10:20:Infinity":1,"s:23:4:23:Infinity":2,"s:25:4:103:Infinity":3,"b:32:24:48:Infinity:50:24:74:Infinity":2,"f:36:45:36:51":1,"s:36:51:36:Infinity":4,"b:57:33:57:Infinity:58:36:63:Infinity":3,"b:59:94:59:130:59:130:59:153":4,"b:60:103:60:144:60:144:60:167":5,"b:61:45:61:67:61:67:61:Infinity":6,"f:67:46:67:52":2,"s:67:52:67:73":5,"b:69:37:69:58:69:58:69:Infinity:70:40:70:Infinity":7,"b:80:13:80:38:80:38:80:49:80:49:80:Infinity:81:16:96:Infinity":8,"b:84:29:84:Infinity:85:32:90:Infinity":9,"f:86:45:86:51":3,"s:86:51:86:Infinity":6}}}
,"/Users/pierre/Developer/Perso/Reps/reps/src/components/ui/button.tsx": {"path":"/Users/pierre/Developer/Perso/Reps/reps/src/components/ui/button.tsx","statementMap":{"0":{"start":{"line":6,"column":6},"end":{"line":30,"column":null}},"1":{"start":{"line":38,"column":15},"end":{"line":45,"column":null}},"2":{"start":{"line":40,"column":17},"end":{"line":40,"column":null}},"3":{"start":{"line":41,"column":4},"end":{"line":42,"column":null}},"4":{"start":{"line":46,"column":0},"end":{"line":46,"column":null}}},"fnMap":{"0":{"name":"(anonymous_0)","decl":{"start":{"line":39,"column":2},"end":{"line":39,"column":3}},"loc":{"start":{"line":39,"column":68},"end":{"line":44,"column":null}},"line":39}},"branchMap":{"0":{"loc":{"start":{"line":39,"column":31},"end":{"line":39,"column":48}},"type":"default-arg","locations":[{"start":{"line":39,"column":41},"end":{"line":39,"column":48}}],"line":39},"1":{"loc":{"start":{"line":40,"column":17},"end":{"line":40,"column":null}},"type":"cond-expr","locations":[{"start":{"line":40,"column":27},"end":{"line":40,"column":34}},{"start":{"line":40,"column":34},"end":{"line":40,"column":null}}],"line":40}},"s":{"0":3,"1":3,"2":45,"3":45,"4":3},"f":{"0":45},"b":{"0":[45],"1":[0,45]},"meta":{"lastBranch":2,"lastFunction":1,"lastStatement":5,"seen":{"s:6:6:30:Infinity":0,"s:38:15:45:Infinity":1,"f:39:2:39:3":0,"b:39:41:39:48":0,"s:40:17:40:Infinity":2,"b:40:27:40:34:40:34:40:Infinity":1,"s:41:4:42:Infinity":3,"s:46:0:46:Infinity":4}}}
,"/Users/pierre/Developer/Perso/Reps/reps/src/components/ui/card.tsx": {"path":"/Users/pierre/Developer/Perso/Reps/reps/src/components/ui/card.tsx","statementMap":{"0":{"start":{"line":4,"column":13},"end":{"line":12,"column":null}},"1":{"start":{"line":6,"column":4},"end":{"line":10,"column":null}},"2":{"start":{"line":13,"column":0},"end":{"line":13,"column":null}},"3":{"start":{"line":15,"column":19},"end":{"line":19,"column":null}},"4":{"start":{"line":17,"column":4},"end":{"line":17,"column":null}},"5":{"start":{"line":20,"column":0},"end":{"line":20,"column":null}},"6":{"start":{"line":22,"column":18},"end":{"line":30,"column":null}},"7":{"start":{"line":24,"column":4},"end":{"line":28,"column":null}},"8":{"start":{"line":31,"column":0},"end":{"line":31,"column":null}},"9":{"start":{"line":33,"column":24},"end":{"line":38,"column":null}},"10":{"start":{"line":37,"column":2},"end":{"line":37,"column":null}},"11":{"start":{"line":39,"column":0},"end":{"line":39,"column":null}},"12":{"start":{"line":41,"column":20},"end":{"line":45,"column":null}},"13":{"start":{"line":43,"column":4},"end":{"line":43,"column":null}},"14":{"start":{"line":46,"column":0},"end":{"line":46,"column":null}},"15":{"start":{"line":48,"column":19},"end":{"line":52,"column":null}},"16":{"start":{"line":50,"column":4},"end":{"line":50,"column":null}},"17":{"start":{"line":53,"column":0},"end":{"line":53,"column":null}}},"fnMap":{"0":{"name":"(anonymous_0)","decl":{"start":{"line":5,"column":2},"end":{"line":5,"column":3}},"loc":{"start":{"line":6,"column":4},"end":{"line":10,"column":null}},"line":6},"1":{"name":"(anonymous_1)","decl":{"start":{"line":16,"column":2},"end":{"line":16,"column":3}},"loc":{"start":{"line":17,"column":4},"end":{"line":17,"column":null}},"line":17},"2":{"name":"(anonymous_2)","decl":{"start":{"line":23,"column":2},"end":{"line":23,"column":3}},"loc":{"start":{"line":24,"column":4},"end":{"line":28,"column":null}},"line":24},"3":{"name":"(anonymous_3)","decl":{"start":{"line":36,"column":2},"end":{"line":36,"column":3}},"loc":{"start":{"line":37,"column":2},"end":{"line":37,"column":null}},"line":37},"4":{"name":"(anonymous_4)","decl":{"start":{"line":42,"column":2},"end":{"line":42,"column":3}},"loc":{"start":{"line":43,"column":4},"end":{"line":43,"column":null}},"line":43},"5":{"name":"(anonymous_5)","decl":{"start":{"line":49,"column":2},"end":{"line":49,"column":3}},"loc":{"start":{"line":50,"column":4},"end":{"line":50,"column":null}},"line":50}},"branchMap":{},"s":{"0":3,"1":146,"2":3,"3":3,"4":0,"5":3,"6":3,"7":0,"8":3,"9":3,"10":0,"11":3,"12":3,"13":146,"14":3,"15":3,"16":0,"17":3},"f":{"0":146,"1":0,"2":0,"3":0,"4":146,"5":0},"b":{},"meta":{"lastBranch":0,"lastFunction":6,"lastStatement":18,"seen":{"s:4:13:12:Infinity":0,"f:5:2:5:3":0,"s:6:4:10:Infinity":1,"s:13:0:13:Infinity":2,"s:15:19:19:Infinity":3,"f:16:2:16:3":1,"s:17:4:17:Infinity":4,"s:20:0:20:Infinity":5,"s:22:18:30:Infinity":6,"f:23:2:23:3":2,"s:24:4:28:Infinity":7,"s:31:0:31:Infinity":8,"s:33:24:38:Infinity":9,"f:36:2:36:3":3,"s:37:2:37:Infinity":10,"s:39:0:39:Infinity":11,"s:41:20:45:Infinity":12,"f:42:2:42:3":4,"s:43:4:43:Infinity":13,"s:46:0:46:Infinity":14,"s:48:19:52:Infinity":15,"f:49:2:49:3":5,"s:50:4:50:Infinity":16,"s:53:0:53:Infinity":17}}}
,"/Users/pierre/Developer/Perso/Reps/reps/src/components/ui/dropdown-menu.tsx": {"path":"/Users/pierre/Developer/Perso/Reps/reps/src/components/ui/dropdown-menu.tsx","statementMap":{"0":{"start":{"line":7,"column":21},"end":{"line":7,"column":null}},"1":{"start":{"line":9,"column":28},"end":{"line":9,"column":null}},"2":{"start":{"line":11,"column":26},"end":{"line":11,"column":null}},"3":{"start":{"line":13,"column":27},"end":{"line":13,"column":null}},"4":{"start":{"line":15,"column":24},"end":{"line":15,"column":null}},"5":{"start":{"line":17,"column":31},"end":{"line":17,"column":null}},"6":{"start":{"line":19,"column":31},"end":{"line":37,"column":null}},"7":{"start":{"line":25,"column":2},"end":{"line":36,"column":null}},"8":{"start":{"line":38,"column":0},"end":{"line":39,"column":null}},"9":{"start":{"line":41,"column":31},"end":{"line":53,"column":null}},"10":{"start":{"line":45,"column":2},"end":{"line":52,"column":null}},"11":{"start":{"line":54,"column":0},"end":{"line":55,"column":null}},"12":{"start":{"line":57,"column":28},"end":{"line":72,"column":null}},"13":{"start":{"line":61,"column":2},"end":{"line":71,"column":null}},"14":{"start":{"line":73,"column":0},"end":{"line":73,"column":null}},"15":{"start":{"line":75,"column":25},"end":{"line":90,"column":null}},"16":{"start":{"line":81,"column":2},"end":{"line":89,"column":null}},"17":{"start":{"line":91,"column":0},"end":{"line":91,"column":null}},"18":{"start":{"line":93,"column":33},"end":{"line":113,"column":null}},"19":{"start":{"line":97,"column":2},"end":{"line":112,"column":null}},"20":{"start":{"line":114,"column":0},"end":{"line":115,"column":null}},"21":{"start":{"line":117,"column":30},"end":{"line":136,"column":null}},"22":{"start":{"line":121,"column":2},"end":{"line":135,"column":null}},"23":{"start":{"line":137,"column":0},"end":{"line":137,"column":null}},"24":{"start":{"line":139,"column":26},"end":{"line":154,"column":null}},"25":{"start":{"line":145,"column":2},"end":{"line":153,"column":null}},"26":{"start":{"line":155,"column":0},"end":{"line":155,"column":null}},"27":{"start":{"line":157,"column":30},"end":{"line":166,"column":null}},"28":{"start":{"line":161,"column":2},"end":{"line":165,"column":null}},"29":{"start":{"line":167,"column":0},"end":{"line":167,"column":null}},"30":{"start":{"line":169,"column":29},"end":{"line":179,"column":null}},"31":{"start":{"line":173,"column":2},"end":{"line":177,"column":null}},"32":{"start":{"line":180,"column":0},"end":{"line":180,"column":null}}},"fnMap":{"0":{"name":"(anonymous_0)","decl":{"start":{"line":24,"column":2},"end":{"line":24,"column":3}},"loc":{"start":{"line":25,"column":2},"end":{"line":36,"column":null}},"line":25},"1":{"name":"(anonymous_1)","decl":{"start":{"line":44,"column":2},"end":{"line":44,"column":3}},"loc":{"start":{"line":45,"column":2},"end":{"line":52,"column":null}},"line":45},"2":{"name":"(anonymous_2)","decl":{"start":{"line":60,"column":2},"end":{"line":60,"column":3}},"loc":{"start":{"line":61,"column":2},"end":{"line":71,"column":null}},"line":61},"3":{"name":"(anonymous_3)","decl":{"start":{"line":80,"column":2},"end":{"line":80,"column":3}},"loc":{"start":{"line":81,"column":2},"end":{"line":89,"column":null}},"line":81},"4":{"name":"(anonymous_4)","decl":{"start":{"line":96,"column":2},"end":{"line":96,"column":3}},"loc":{"start":{"line":97,"column":2},"end":{"line":112,"column":null}},"line":97},"5":{"name":"(anonymous_5)","decl":{"start":{"line":120,"column":2},"end":{"line":120,"column":3}},"loc":{"start":{"line":121,"column":2},"end":{"line":135,"column":null}},"line":121},"6":{"name":"(anonymous_6)","decl":{"start":{"line":144,"column":2},"end":{"line":144,"column":3}},"loc":{"start":{"line":145,"column":2},"end":{"line":153,"column":null}},"line":145},"7":{"name":"(anonymous_7)","decl":{"start":{"line":160,"column":2},"end":{"line":160,"column":3}},"loc":{"start":{"line":161,"column":2},"end":{"line":165,"column":null}},"line":161},"8":{"name":"(anonymous_8)","decl":{"start":{"line":169,"column":29},"end":{"line":169,"column":30}},"loc":{"start":{"line":172,"column":45},"end":{"line":179,"column":null}},"line":172}},"branchMap":{"0":{"loc":{"start":{"line":29,"column":6},"end":{"line":29,"column":null}},"type":"binary-expr","locations":[{"start":{"line":29,"column":6},"end":{"line":29,"column":15}},{"start":{"line":29,"column":15},"end":{"line":29,"column":null}}],"line":29},"1":{"loc":{"start":{"line":60,"column":16},"end":{"line":60,"column":32}},"type":"default-arg","locations":[{"start":{"line":60,"column":29},"end":{"line":60,"column":32}}],"line":60},"2":{"loc":{"start":{"line":85,"column":6},"end":{"line":85,"column":null}},"type":"binary-expr","locations":[{"start":{"line":85,"column":6},"end":{"line":85,"column":15}},{"start":{"line":85,"column":15},"end":{"line":85,"column":null}}],"line":85},"3":{"loc":{"start":{"line":149,"column":6},"end":{"line":149,"column":null}},"type":"binary-expr","locations":[{"start":{"line":149,"column":6},"end":{"line":149,"column":15}},{"start":{"line":149,"column":15},"end":{"line":149,"column":null}}],"line":149}},"s":{"0":1,"1":1,"2":1,"3":1,"4":1,"5":1,"6":1,"7":0,"8":1,"9":1,"10":0,"11":1,"12":1,"13":6,"14":1,"15":1,"16":0,"17":1,"18":1,"19":0,"20":1,"21":1,"22":0,"23":1,"24":1,"25":0,"26":1,"27":1,"28":0,"29":1,"30":1,"31":0,"32":1},"f":{"0":0,"1":0,"2":6,"3":0,"4":0,"5":0,"6":0,"7":0,"8":0},"b":{"0":[0,0],"1":[6],"2":[0,0],"3":[0,0]},"meta":{"lastBranch":4,"lastFunction":9,"lastStatement":33,"seen":{"s:7:21:7:Infinity":0,"s:9:28:9:Infinity":1,"s:11:26:11:Infinity":2,"s:13:27:13:Infinity":3,"s:15:24:15:Infinity":4,"s:17:31:17:Infinity":5,"s:19:31:37:Infinity":6,"f:24:2:24:3":0,"s:25:2:36:Infinity":7,"b:29:6:29:15:29:15:29:Infinity":0,"s:38:0:39:Infinity":8,"s:41:31:53:Infinity":9,"f:44:2:44:3":1,"s:45:2:52:Infinity":10,"s:54:0:55:Infinity":11,"s:57:28:72:Infinity":12,"f:60:2:60:3":2,"s:61:2:71:Infinity":13,"b:60:29:60:32":1,"s:73:0:73:Infinity":14,"s:75:25:90:Infinity":15,"f:80:2:80:3":3,"s:81:2:89:Infinity":16,"b:85:6:85:15:85:15:85:Infinity":2,"s:91:0:91:Infinity":17,"s:93:33:113:Infinity":18,"f:96:2:96:3":4,"s:97:2:112:Infinity":19,"s:114:0:115:Infinity":20,"s:117:30:136:Infinity":21,"f:120:2:120:3":5,"s:121:2:135:Infinity":22,"s:137:0:137:Infinity":23,"s:139:26:154:Infinity":24,"f:144:2:144:3":6,"s:145:2:153:Infinity":25,"b:149:6:149:15:149:15:149:Infinity":3,"s:155:0:155:Infinity":26,"s:157:30:166:Infinity":27,"f:160:2:160:3":7,"s:161:2:165:Infinity":28,"s:167:0:167:Infinity":29,"s:169:29:179:Infinity":30,"f:169:29:169:30":8,"s:173:2:177:Infinity":31,"s:180:0:180:Infinity":32}}}
,"/Users/pierre/Developer/Perso/Reps/reps/src/components/ui/progress.tsx": {"path":"/Users/pierre/Developer/Perso/Reps/reps/src/components/ui/progress.tsx","statementMap":{"0":{"start":{"line":4,"column":17},"end":{"line":21,"column":null}},"1":{"start":{"line":8,"column":2},"end":{"line":20,"column":null}},"2":{"start":{"line":22,"column":0},"end":{"line":22,"column":null}}},"fnMap":{"0":{"name":"(anonymous_0)","decl":{"start":{"line":7,"column":2},"end":{"line":7,"column":3}},"loc":{"start":{"line":8,"column":2},"end":{"line":20,"column":null}},"line":8}},"branchMap":{"0":{"loc":{"start":{"line":18,"column":48},"end":{"line":18,"column":59}},"type":"binary-expr","locations":[{"start":{"line":18,"column":48},"end":{"line":18,"column":57}},{"start":{"line":18,"column":57},"end":{"line":18,"column":59}}],"line":18}},"s":{"0":1,"1":115,"2":1},"f":{"0":115},"b":{"0":[115,109]},"meta":{"lastBranch":1,"lastFunction":1,"lastStatement":3,"seen":{"s:4:17:21:Infinity":0,"f:7:2:7:3":0,"s:8:2:20:Infinity":1,"b:18:48:18:57:18:57:18:59":0,"s:22:0:22:Infinity":2}}}
,"/Users/pierre/Developer/Perso/Reps/reps/src/firebase/auth.ts": {"path":"/Users/pierre/Developer/Perso/Reps/reps/src/firebase/auth.ts","statementMap":{"0":{"start":{"line":25,"column":23},"end":{"line":25,"column":null}},"1":{"start":{"line":26,"column":0},"end":{"line":28,"column":null}},"2":{"start":{"line":36,"column":2},"end":{"line":54,"column":null}},"3":{"start":{"line":37,"column":27},"end":{"line":37,"column":null}},"4":{"start":{"line":38,"column":17},"end":{"line":38,"column":null}},"5":{"start":{"line":41,"column":20},"end":{"line":41,"column":null}},"6":{"start":{"line":42,"column":4},"end":{"line":48,"column":null}},"7":{"start":{"line":44,"column":6},"end":{"line":47,"column":null}},"8":{"start":{"line":50,"column":4},"end":{"line":50,"column":null}},"9":{"start":{"line":52,"column":4},"end":{"line":52,"column":null}},"10":{"start":{"line":53,"column":4},"end":{"line":53,"column":null}},"11":{"start":{"line":66,"column":2},"end":{"line":93,"column":null}},"12":{"start":{"line":67,"column":27},"end":{"line":67,"column":null}},"13":{"start":{"line":68,"column":17},"end":{"line":68,"column":null}},"14":{"start":{"line":69,"column":32},"end":{"line":69,"column":null}},"15":{"start":{"line":70,"column":31},"end":{"line":70,"column":null}},"16":{"start":{"line":71,"column":22},"end":{"line":71,"column":null}},"17":{"start":{"line":74,"column":4},"end":{"line":76,"column":null}},"18":{"start":{"line":75,"column":6},"end":{"line":75,"column":null}},"19":{"start":{"line":79,"column":4},"end":{"line":79,"column":null}},"20":{"start":{"line":82,"column":4},"end":{"line":87,"column":null}},"21":{"start":{"line":89,"column":4},"end":{"line":89,"column":null}},"22":{"start":{"line":91,"column":4},"end":{"line":91,"column":null}},"23":{"start":{"line":92,"column":4},"end":{"line":92,"column":null}},"24":{"start":{"line":100,"column":2},"end":{"line":117,"column":null}},"25":{"start":{"line":101,"column":4},"end":{"line":113,"column":null}},"26":{"start":{"line":103,"column":25},"end":{"line":103,"column":null}},"27":{"start":{"line":104,"column":22},"end":{"line":104,"column":null}},"28":{"start":{"line":105,"column":25},"end":{"line":105,"column":null}},"29":{"start":{"line":107,"column":21},"end":{"line":107,"column":null}},"30":{"start":{"line":108,"column":6},"end":{"line":108,"column":null}},"31":{"start":{"line":111,"column":21},"end":{"line":111,"column":null}},"32":{"start":{"line":112,"column":6},"end":{"line":112,"column":null}},"33":{"start":{"line":115,"column":4},"end":{"line":115,"column":null}},"34":{"start":{"line":116,"column":4},"end":{"line":116,"column":null}},"35":{"start":{"line":126,"column":4},"end":{"line":172,"column":null}},"36":{"start":{"line":127,"column":24},"end":{"line":127,"column":null}},"37":{"start":{"line":128,"column":23},"end":{"line":128,"column":null}},"38":{"start":{"line":131,"column":8},"end":{"line":140,"column":null}},"39":{"start":{"line":132,"column":18},"end":{"line":132,"column":null}},"40":{"start":{"line":134,"column":28},"end":{"line":134,"column":null}},"41":{"start":{"line":136,"column":12},"end":{"line":139,"column":null}},"42":{"start":{"line":137,"column":14},"end":{"line":137,"column":null}},"43":{"start":{"line":138,"column":14},"end":{"line":138,"column":null}},"44":{"start":{"line":143,"column":8},"end":{"line":149,"column":null}},"45":{"start":{"line":144,"column":24},"end":{"line":144,"column":null}},"46":{"start":{"line":145,"column":10},"end":{"line":148,"column":null}},"47":{"start":{"line":146,"column":12},"end":{"line":146,"column":null}},"48":{"start":{"line":147,"column":12},"end":{"line":147,"column":null}},"49":{"start":{"line":152,"column":24},"end":{"line":152,"column":null}},"50":{"start":{"line":153,"column":8},"end":{"line":166,"column":null}},"51":{"start":{"line":155,"column":28},"end":{"line":155,"column":null}},"52":{"start":{"line":156,"column":10},"end":{"line":156,"column":null}},"53":{"start":{"line":157,"column":10},"end":{"line":157,"column":null}},"54":{"start":{"line":157,"column":38},"end":{"line":157,"column":null}},"55":{"start":{"line":160,"column":10},"end":{"line":165,"column":null}},"56":{"start":{"line":168,"column":8},"end":{"line":168,"column":null}},"57":{"start":{"line":170,"column":8},"end":{"line":170,"column":null}},"58":{"start":{"line":171,"column":8},"end":{"line":171,"column":null}},"59":{"start":{"line":179,"column":2},"end":{"line":184,"column":null}},"60":{"start":{"line":180,"column":4},"end":{"line":180,"column":null}},"61":{"start":{"line":182,"column":4},"end":{"line":182,"column":null}},"62":{"start":{"line":183,"column":4},"end":{"line":183,"column":null}},"63":{"start":{"line":191,"column":2},"end":{"line":204,"column":null}},"64":{"start":{"line":192,"column":4},"end":{"line":199,"column":null}},"65":{"start":{"line":193,"column":6},"end":{"line":198,"column":null}},"66":{"start":{"line":194,"column":8},"end":{"line":194,"column":null}},"67":{"start":{"line":197,"column":8},"end":{"line":197,"column":null}},"68":{"start":{"line":200,"column":4},"end":{"line":200,"column":null}},"69":{"start":{"line":202,"column":4},"end":{"line":202,"column":null}},"70":{"start":{"line":203,"column":4},"end":{"line":203,"column":null}},"71":{"start":{"line":211,"column":2},"end":{"line":211,"column":null}},"72":{"start":{"line":222,"column":2},"end":{"line":222,"column":null}},"73":{"start":{"line":229,"column":15},"end":{"line":229,"column":null}},"74":{"start":{"line":230,"column":2},"end":{"line":232,"column":null}},"75":{"start":{"line":231,"column":4},"end":{"line":231,"column":null}},"76":{"start":{"line":234,"column":2},"end":{"line":234,"column":null}}},"fnMap":{"0":{"name":"signInWithEmail","decl":{"start":{"line":35,"column":22},"end":{"line":35,"column":38}},"loc":{"start":{"line":35,"column":94},"end":{"line":55,"column":null}},"line":35},"1":{"name":"signUpWithEmail","decl":{"start":{"line":60,"column":22},"end":{"line":60,"column":null}},"loc":{"start":{"line":65,"column":25},"end":{"line":94,"column":null}},"line":65},"2":{"name":"signInWithGoogle","decl":{"start":{"line":99,"column":22},"end":{"line":99,"column":76}},"loc":{"start":{"line":99,"column":76},"end":{"line":118,"column":null}},"line":99},"3":{"name":"handleGoogleSignInResult","decl":{"start":{"line":125,"column":22},"end":{"line":125,"column":47}},"loc":{"start":{"line":125,"column":104},"end":{"line":173,"column":null}},"line":125},"4":{"name":"sendPasswordResetEmail","decl":{"start":{"line":178,"column":22},"end":{"line":178,"column":45}},"loc":{"start":{"line":178,"column":75},"end":{"line":185,"column":null}},"line":178},"5":{"name":"signOut","decl":{"start":{"line":190,"column":22},"end":{"line":190,"column":47}},"loc":{"start":{"line":190,"column":47},"end":{"line":205,"column":null}},"line":190},"6":{"name":"getCurrentUser","decl":{"start":{"line":210,"column":16},"end":{"line":210,"column":54}},"loc":{"start":{"line":210,"column":54},"end":{"line":212,"column":null}},"line":210},"7":{"name":"onAuthChange","decl":{"start":{"line":219,"column":16},"end":{"line":219,"column":null}},"loc":{"start":{"line":221,"column":14},"end":{"line":223,"column":null}},"line":221},"8":{"name":"getCurrentUserProfile","decl":{"start":{"line":228,"column":22},"end":{"line":228,"column":68}},"loc":{"start":{"line":228,"column":68},"end":{"line":235,"column":null}},"line":228}},"branchMap":{"0":{"loc":{"start":{"line":42,"column":4},"end":{"line":48,"column":null}},"type":"if","locations":[{"start":{"line":42,"column":4},"end":{"line":48,"column":null}},{"start":{},"end":{}}],"line":42},"1":{"loc":{"start":{"line":45,"column":21},"end":{"line":45,"column":null}},"type":"binary-expr","locations":[{"start":{"line":45,"column":21},"end":{"line":45,"column":41}},{"start":{"line":45,"column":41},"end":{"line":45,"column":null}}],"line":45},"2":{"loc":{"start":{"line":46,"column":15},"end":{"line":46,"column":null}},"type":"binary-expr","locations":[{"start":{"line":46,"column":15},"end":{"line":46,"column":29}},{"start":{"line":46,"column":29},"end":{"line":46,"column":null}}],"line":46},"3":{"loc":{"start":{"line":74,"column":4},"end":{"line":76,"column":null}},"type":"if","locations":[{"start":{"line":74,"column":4},"end":{"line":76,"column":null}},{"start":{},"end":{}}],"line":74},"4":{"loc":{"start":{"line":86,"column":13},"end":{"line":86,"column":null}},"type":"binary-expr","locations":[{"start":{"line":86,"column":13},"end":{"line":86,"column":27}},{"start":{"line":86,"column":27},"end":{"line":86,"column":null}}],"line":86},"5":{"loc":{"start":{"line":101,"column":4},"end":{"line":113,"column":null}},"type":"if","locations":[{"start":{"line":101,"column":4},"end":{"line":113,"column":null}},{"start":{"line":109,"column":11},"end":{"line":113,"column":null}}],"line":101},"6":{"loc":{"start":{"line":131,"column":8},"end":{"line":140,"column":null}},"type":"if","locations":[{"start":{"line":131,"column":8},"end":{"line":140,"column":null}},{"start":{},"end":{}}],"line":131},"7":{"loc":{"start":{"line":136,"column":12},"end":{"line":139,"column":null}},"type":"if","locations":[{"start":{"line":136,"column":12},"end":{"line":139,"column":null}},{"start":{},"end":{}}],"line":136},"8":{"loc":{"start":{"line":137,"column":26},"end":{"line":137,"column":null}},"type":"binary-expr","locations":[{"start":{"line":137,"column":26},"end":{"line":137,"column":48}},{"start":{"line":137,"column":48},"end":{"line":137,"column":null}}],"line":137},"9":{"loc":{"start":{"line":138,"column":25},"end":{"line":138,"column":null}},"type":"binary-expr","locations":[{"start":{"line":138,"column":25},"end":{"line":138,"column":48}},{"start":{"line":138,"column":48},"end":{"line":138,"column":null}}],"line":138},"10":{"loc":{"start":{"line":143,"column":8},"end":{"line":149,"column":null}},"type":"if","locations":[{"start":{"line":143,"column":8},"end":{"line":149,"column":null}},{"start":{},"end":{}}],"line":143},"11":{"loc":{"start":{"line":143,"column":12},"end":{"line":143,"column":44}},"type":"binary-expr","locations":[{"start":{"line":143,"column":12},"end":{"line":143,"column":26}},{"start":{"line":143,"column":26},"end":{"line":143,"column":44}}],"line":143},"12":{"loc":{"start":{"line":145,"column":10},"end":{"line":148,"column":null}},"type":"if","locations":[{"start":{"line":145,"column":10},"end":{"line":148,"column":null}},{"start":{},"end":{}}],"line":145},"13":{"loc":{"start":{"line":146,"column":24},"end":{"line":146,"column":null}},"type":"binary-expr","locations":[{"start":{"line":146,"column":24},"end":{"line":146,"column":36}},{"start":{"line":146,"column":36},"end":{"line":146,"column":null}}],"line":146},"14":{"loc":{"start":{"line":153,"column":8},"end":{"line":166,"column":null}},"type":"if","locations":[{"start":{"line":153,"column":8},"end":{"line":166,"column":null}},{"start":{},"end":{}}],"line":153},"15":{"loc":{"start":{"line":155,"column":28},"end":{"line":155,"column":null}},"type":"binary-expr","locations":[{"start":{"line":155,"column":28},"end":{"line":155,"column":48}},{"start":{"line":155,"column":48},"end":{"line":155,"column":null}}],"line":155},"16":{"loc":{"start":{"line":157,"column":10},"end":{"line":157,"column":null}},"type":"if","locations":[{"start":{"line":157,"column":10},"end":{"line":157,"column":null}},{"start":{},"end":{}}],"line":157},"17":{"loc":{"start":{"line":164,"column":19},"end":{"line":164,"column":null}},"type":"binary-expr","locations":[{"start":{"line":164,"column":19},"end":{"line":164,"column":33}},{"start":{"line":164,"column":33},"end":{"line":164,"column":null}}],"line":164},"18":{"loc":{"start":{"line":192,"column":4},"end":{"line":199,"column":null}},"type":"if","locations":[{"start":{"line":192,"column":4},"end":{"line":199,"column":null}},{"start":{},"end":{}}],"line":192},"19":{"loc":{"start":{"line":230,"column":2},"end":{"line":232,"column":null}},"type":"if","locations":[{"start":{"line":230,"column":2},"end":{"line":232,"column":null}},{"start":{},"end":{}}],"line":230}},"s":{"0":6,"1":6,"2":0,"3":0,"4":0,"5":0,"6":0,"7":0,"8":0,"9":0,"10":0,"11":0,"12":0,"13":0,"14":0,"15":0,"16":0,"17":0,"18":0,"19":0,"20":0,"21":0,"22":0,"23":0,"24":0,"25":0,"26":0,"27":0,"28":0,"29":0,"30":0,"31":0,"32":0,"33":0,"34":0,"35":0,"36":0,"37":0,"38":0,"39":0,"40":0,"41":0,"42":0,"43":0,"44":0,"45":0,"46":0,"47":0,"48":0,"49":0,"50":0,"51":0,"52":0,"53":0,"54":0,"55":0,"56":0,"57":0,"58":0,"59":0,"60":0,"61":0,"62":0,"63":0,"64":0,"65":0,"66":0,"67":0,"68":0,"69":0,"70":0,"71":0,"72":0,"73":0,"74":0,"75":0,"76":0},"f":{"0":0,"1":0,"2":0,"3":0,"4":0,"5":0,"6":0,"7":0,"8":0},"b":{"0":[0,0],"1":[0,0],"2":[0,0],"3":[0,0],"4":[0,0],"5":[0,0],"6":[0,0],"7":[0,0],"8":[0,0],"9":[0,0],"10":[0,0],"11":[0,0],"12":[0,0],"13":[0,0],"14":[0,0],"15":[0,0],"16":[0,0],"17":[0,0],"18":[0,0],"19":[0,0]},"meta":{"lastBranch":20,"lastFunction":9,"lastStatement":77,"seen":{"s:25:23:25:Infinity":0,"s:26:0:28:Infinity":1,"f:35:22:35:38":0,"s:36:2:54:Infinity":2,"s:37:27:37:Infinity":3,"s:38:17:38:Infinity":4,"s:41:20:41:Infinity":5,"b:42:4:48:Infinity:undefined:undefined:undefined:undefined":0,"s:42:4:48:Infinity":6,"s:44:6:47:Infinity":7,"b:45:21:45:41:45:41:45:Infinity":1,"b:46:15:46:29:46:29:46:Infinity":2,"s:50:4:50:Infinity":8,"s:52:4:52:Infinity":9,"s:53:4:53:Infinity":10,"f:60:22:60:Infinity":1,"s:66:2:93:Infinity":11,"s:67:27:67:Infinity":12,"s:68:17:68:Infinity":13,"s:69:32:69:Infinity":14,"s:70:31:70:Infinity":15,"s:71:22:71:Infinity":16,"b:74:4:76:Infinity:undefined:undefined:undefined:undefined":3,"s:74:4:76:Infinity":17,"s:75:6:75:Infinity":18,"s:79:4:79:Infinity":19,"s:82:4:87:Infinity":20,"b:86:13:86:27:86:27:86:Infinity":4,"s:89:4:89:Infinity":21,"s:91:4:91:Infinity":22,"s:92:4:92:Infinity":23,"f:99:22:99:76":2,"s:100:2:117:Infinity":24,"b:101:4:113:Infinity:109:11:113:Infinity":5,"s:101:4:113:Infinity":25,"s:103:25:103:Infinity":26,"s:104:22:104:Infinity":27,"s:105:25:105:Infinity":28,"s:107:21:107:Infinity":29,"s:108:6:108:Infinity":30,"s:111:21:111:Infinity":31,"s:112:6:112:Infinity":32,"s:115:4:115:Infinity":33,"s:116:4:116:Infinity":34,"f:125:22:125:47":3,"s:126:4:172:Infinity":35,"s:127:24:127:Infinity":36,"s:128:23:128:Infinity":37,"b:131:8:140:Infinity:undefined:undefined:undefined:undefined":6,"s:131:8:140:Infinity":38,"s:132:18:132:Infinity":39,"s:134:28:134:Infinity":40,"b:136:12:139:Infinity:undefined:undefined:undefined:undefined":7,"s:136:12:139:Infinity":41,"s:137:14:137:Infinity":42,"b:137:26:137:48:137:48:137:Infinity":8,"s:138:14:138:Infinity":43,"b:138:25:138:48:138:48:138:Infinity":9,"b:143:8:149:Infinity:undefined:undefined:undefined:undefined":10,"s:143:8:149:Infinity":44,"b:143:12:143:26:143:26:143:44":11,"s:144:24:144:Infinity":45,"b:145:10:148:Infinity:undefined:undefined:undefined:undefined":12,"s:145:10:148:Infinity":46,"s:146:12:146:Infinity":47,"b:146:24:146:36:146:36:146:Infinity":13,"s:147:12:147:Infinity":48,"s:152:24:152:Infinity":49,"b:153:8:166:Infinity:undefined:undefined:undefined:undefined":14,"s:153:8:166:Infinity":50,"s:155:28:155:Infinity":51,"b:155:28:155:48:155:48:155:Infinity":15,"s:156:10:156:Infinity":52,"b:157:10:157:Infinity:undefined:undefined:undefined:undefined":16,"s:157:10:157:Infinity":53,"s:157:38:157:Infinity":54,"s:160:10:165:Infinity":55,"b:164:19:164:33:164:33:164:Infinity":17,"s:168:8:168:Infinity":56,"s:170:8:170:Infinity":57,"s:171:8:171:Infinity":58,"f:178:22:178:45":4,"s:179:2:184:Infinity":59,"s:180:4:180:Infinity":60,"s:182:4:182:Infinity":61,"s:183:4:183:Infinity":62,"f:190:22:190:47":5,"s:191:2:204:Infinity":63,"b:192:4:199:Infinity:undefined:undefined:undefined:undefined":18,"s:192:4:199:Infinity":64,"s:193:6:198:Infinity":65,"s:194:8:194:Infinity":66,"s:197:8:197:Infinity":67,"s:200:4:200:Infinity":68,"s:202:4:202:Infinity":69,"s:203:4:203:Infinity":70,"f:210:16:210:54":6,"s:211:2:211:Infinity":71,"f:219:16:219:Infinity":7,"s:222:2:222:Infinity":72,"f:228:22:228:68":8,"s:229:15:229:Infinity":73,"b:230:2:232:Infinity:undefined:undefined:undefined:undefined":19,"s:230:2:232:Infinity":74,"s:231:4:231:Infinity":75,"s:234:2:234:Infinity":76}}}
,"/Users/pierre/Developer/Perso/Reps/reps/src/firebase/challenges.ts": {"path":"/Users/pierre/Developer/Perso/Reps/reps/src/firebase/challenges.ts","statementMap":{"0":{"start":{"line":57,"column":58},"end":{"line":153,"column":null}},"1":{"start":{"line":157,"column":31},"end":{"line":157,"column":null}},"2":{"start":{"line":157,"column":47},"end":{"line":157,"column":null}},"3":{"start":{"line":157,"column":77},"end":{"line":157,"column":88}},"4":{"start":{"line":159,"column":31},"end":{"line":163,"column":null}},"5":{"start":{"line":160,"column":2},"end":{"line":160,"column":null}},"6":{"start":{"line":160,"column":35},"end":{"line":160,"column":null}},"7":{"start":{"line":162,"column":2},"end":{"line":162,"column":null}},"8":{"start":{"line":166,"column":43},"end":{"line":175,"column":null}},"9":{"start":{"line":167,"column":4},"end":{"line":169,"column":null}},"10":{"start":{"line":168,"column":8},"end":{"line":168,"column":null}},"11":{"start":{"line":171,"column":14},"end":{"line":171,"column":null}},"12":{"start":{"line":172,"column":14},"end":{"line":172,"column":null}},"13":{"start":{"line":173,"column":14},"end":{"line":173,"column":null}},"14":{"start":{"line":174,"column":4},"end":{"line":174,"column":null}},"15":{"start":{"line":177,"column":27},"end":{"line":186,"column":null}},"16":{"start":{"line":178,"column":16},"end":{"line":178,"column":null}},"17":{"start":{"line":179,"column":2},"end":{"line":179,"column":null}},"18":{"start":{"line":180,"column":17},"end":{"line":180,"column":null}},"19":{"start":{"line":181,"column":2},"end":{"line":181,"column":null}},"20":{"start":{"line":183,"column":19},"end":{"line":183,"column":null}},"21":{"start":{"line":184,"column":19},"end":{"line":184,"column":null}},"22":{"start":{"line":185,"column":2},"end":{"line":185,"column":null}},"23":{"start":{"line":191,"column":29},"end":{"line":234,"column":null}},"24":{"start":{"line":192,"column":14},"end":{"line":192,"column":null}},"25":{"start":{"line":193,"column":2},"end":{"line":193,"column":null}},"26":{"start":{"line":193,"column":12},"end":{"line":193,"column":null}},"27":{"start":{"line":196,"column":8},"end":{"line":200,"column":null}},"28":{"start":{"line":201,"column":21},"end":{"line":201,"column":null}},"29":{"start":{"line":202,"column":2},"end":{"line":204,"column":null}},"30":{"start":{"line":203,"column":6},"end":{"line":203,"column":null}},"31":{"start":{"line":207,"column":8},"end":{"line":212,"column":null}},"32":{"start":{"line":214,"column":19},"end":{"line":214,"column":null}},"33":{"start":{"line":215,"column":2},"end":{"line":217,"column":null}},"34":{"start":{"line":216,"column":4},"end":{"line":216,"column":null}},"35":{"start":{"line":219,"column":8},"end":{"line":219,"column":null}},"36":{"start":{"line":220,"column":39},"end":{"line":230,"column":null}},"37":{"start":{"line":232,"column":2},"end":{"line":232,"column":null}},"38":{"start":{"line":233,"column":2},"end":{"line":233,"column":null}},"39":{"start":{"line":237,"column":40},"end":{"line":270,"column":null}},"40":{"start":{"line":242,"column":15},"end":{"line":242,"column":null}},"41":{"start":{"line":243,"column":14},"end":{"line":243,"column":null}},"42":{"start":{"line":245,"column":4},"end":{"line":267,"column":null}},"43":{"start":{"line":246,"column":8},"end":{"line":246,"column":null}},"44":{"start":{"line":247,"column":8},"end":{"line":252,"column":null}},"45":{"start":{"line":248,"column":25},"end":{"line":248,"column":36}},"46":{"start":{"line":248,"column":36},"end":{"line":248,"column":null}},"47":{"start":{"line":249,"column":27},"end":{"line":249,"column":38}},"48":{"start":{"line":249,"column":38},"end":{"line":249,"column":null}},"49":{"start":{"line":250,"column":25},"end":{"line":250,"column":36}},"50":{"start":{"line":250,"column":36},"end":{"line":250,"column":null}},"51":{"start":{"line":251,"column":28},"end":{"line":251,"column":40}},"52":{"start":{"line":251,"column":40},"end":{"line":251,"column":null}},"53":{"start":{"line":255,"column":8},"end":{"line":260,"column":null}},"54":{"start":{"line":256,"column":25},"end":{"line":256,"column":35}},"55":{"start":{"line":256,"column":35},"end":{"line":256,"column":44}},"56":{"start":{"line":256,"column":44},"end":{"line":256,"column":null}},"57":{"start":{"line":257,"column":27},"end":{"line":257,"column":38}},"58":{"start":{"line":257,"column":38},"end":{"line":257,"column":47}},"59":{"start":{"line":257,"column":47},"end":{"line":257,"column":null}},"60":{"start":{"line":258,"column":25},"end":{"line":258,"column":36}},"61":{"start":{"line":258,"column":36},"end":{"line":258,"column":45}},"62":{"start":{"line":258,"column":45},"end":{"line":258,"column":null}},"63":{"start":{"line":259,"column":28},"end":{"line":259,"column":39}},"64":{"start":{"line":259,"column":39},"end":{"line":259,"column":48}},"65":{"start":{"line":259,"column":48},"end":{"line":259,"column":null}},"66":{"start":{"line":263,"column":8},"end":{"line":266,"column":null}},"67":{"start":{"line":264,"column":12},"end":{"line":264,"column":null}},"68":{"start":{"line":265,"column":12},"end":{"line":265,"column":null}},"69":{"start":{"line":269,"column":4},"end":{"line":269,"column":null}},"70":{"start":{"line":273,"column":37},"end":{"line":326,"column":null}},"71":{"start":{"line":281,"column":26},"end":{"line":281,"column":null}},"72":{"start":{"line":284,"column":10},"end":{"line":288,"column":null}},"73":{"start":{"line":289,"column":23},"end":{"line":289,"column":null}},"74":{"start":{"line":290,"column":4},"end":{"line":292,"column":null}},"75":{"start":{"line":291,"column":8},"end":{"line":291,"column":null}},"76":{"start":{"line":295,"column":24},"end":{"line":295,"column":null}},"77":{"start":{"line":295,"column":52},"end":{"line":295,"column":71}},"78":{"start":{"line":296,"column":25},"end":{"line":296,"column":null}},"79":{"start":{"line":298,"column":44},"end":{"line":308,"column":null}},"80":{"start":{"line":311,"column":10},"end":{"line":311,"column":null}},"81":{"start":{"line":312,"column":41},"end":{"line":322,"column":null}},"82":{"start":{"line":324,"column":4},"end":{"line":324,"column":null}},"83":{"start":{"line":325,"column":4},"end":{"line":325,"column":null}},"84":{"start":{"line":329,"column":39},"end":{"line":339,"column":null}},"85":{"start":{"line":330,"column":10},"end":{"line":334,"column":null}},"86":{"start":{"line":335,"column":21},"end":{"line":335,"column":null}},"87":{"start":{"line":338,"column":4},"end":{"line":338,"column":null}},"88":{"start":{"line":338,"column":34},"end":{"line":338,"column":59}},"89":{"start":{"line":342,"column":36},"end":{"line":456,"column":null}},"90":{"start":{"line":348,"column":4},"end":{"line":455,"column":null}},"91":{"start":{"line":349,"column":8},"end":{"line":441,"column":null}},"92":{"start":{"line":351,"column":18},"end":{"line":351,"column":null}},"93":{"start":{"line":352,"column":33},"end":{"line":352,"column":null}},"94":{"start":{"line":353,"column":12},"end":{"line":353,"column":null}},"95":{"start":{"line":353,"column":40},"end":{"line":353,"column":null}},"96":{"start":{"line":355,"column":34},"end":{"line":355,"column":null}},"97":{"start":{"line":358,"column":24},"end":{"line":358,"column":null}},"98":{"start":{"line":359,"column":12},"end":{"line":359,"column":null}},"99":{"start":{"line":359,"column":22},"end":{"line":359,"column":null}},"100":{"start":{"line":362,"column":24},"end":{"line":362,"column":null}},"101":{"start":{"line":363,"column":28},"end":{"line":363,"column":null}},"102":{"start":{"line":366,"column":37},"end":{"line":366,"column":null}},"103":{"start":{"line":367,"column":36},"end":{"line":367,"column":null}},"104":{"start":{"line":369,"column":12},"end":{"line":371,"column":null}},"105":{"start":{"line":370,"column":15},"end":{"line":370,"column":null}},"106":{"start":{"line":374,"column":32},"end":{"line":374,"column":null}},"107":{"start":{"line":374,"column":60},"end":{"line":374,"column":83}},"108":{"start":{"line":375,"column":12},"end":{"line":375,"column":null}},"109":{"start":{"line":375,"column":30},"end":{"line":375,"column":null}},"110":{"start":{"line":378,"column":18},"end":{"line":378,"column":null}},"111":{"start":{"line":379,"column":32},"end":{"line":396,"column":null}},"112":{"start":{"line":401,"column":18},"end":{"line":401,"column":null}},"113":{"start":{"line":402,"column":28},"end":{"line":402,"column":null}},"114":{"start":{"line":403,"column":12},"end":{"line":403,"column":null}},"115":{"start":{"line":403,"column":35},"end":{"line":403,"column":null}},"116":{"start":{"line":404,"column":29},"end":{"line":404,"column":null}},"117":{"start":{"line":407,"column":29},"end":{"line":407,"column":null}},"118":{"start":{"line":412,"column":12},"end":{"line":415,"column":null}},"119":{"start":{"line":418,"column":12},"end":{"line":423,"column":null}},"120":{"start":{"line":426,"column":31},"end":{"line":429,"column":null}},"121":{"start":{"line":432,"column":29},"end":{"line":432,"column":null}},"122":{"start":{"line":433,"column":31},"end":{"line":433,"column":null}},"123":{"start":{"line":435,"column":12},"end":{"line":440,"column":null}},"124":{"start":{"line":446,"column":8},"end":{"line":449,"column":null}},"125":{"start":{"line":447,"column":12},"end":{"line":447,"column":null}},"126":{"start":{"line":451,"column":8},"end":{"line":451,"column":null}},"127":{"start":{"line":453,"column":8},"end":{"line":453,"column":null}},"128":{"start":{"line":454,"column":8},"end":{"line":454,"column":null}},"129":{"start":{"line":458,"column":32},"end":{"line":460,"column":null}},"130":{"start":{"line":459,"column":4},"end":{"line":459,"column":null}}},"fnMap":{"0":{"name":"(anonymous_0)","decl":{"start":{"line":157,"column":31},"end":{"line":157,"column":32}},"loc":{"start":{"line":157,"column":47},"end":{"line":157,"column":null}},"line":157},"1":{"name":"(anonymous_1)","decl":{"start":{"line":157,"column":72},"end":{"line":157,"column":77}},"loc":{"start":{"line":157,"column":77},"end":{"line":157,"column":88}},"line":157},"2":{"name":"(anonymous_2)","decl":{"start":{"line":159,"column":31},"end":{"line":159,"column":32}},"loc":{"start":{"line":159,"column":93},"end":{"line":163,"column":null}},"line":159},"3":{"name":"(anonymous_3)","decl":{"start":{"line":166,"column":43},"end":{"line":166,"column":44}},"loc":{"start":{"line":166,"column":81},"end":{"line":175,"column":null}},"line":166},"4":{"name":"
[...]
":null}},"25":{"start":{"line":333,"column":10},"end":{"line":333,"column":null}},"26":{"start":{"line":335,"column":10},"end":{"line":335,"column":null}},"27":{"start":{"line":337,"column":10},"end":{"line":337,"column":null}},"28":{"start":{"line":339,"column":10},"end":{"line":339,"column":null}},"29":{"start":{"line":341,"column":10},"end":{"line":341,"column":null}},"30":{"start":{"line":344,"column":4},"end":{"line":344,"column":null}}},"fnMap":{"0":{"name":"getUnlockedBadges","decl":{"start":{"line":290,"column":16},"end":{"line":290,"column":34}},"loc":{"start":{"line":290,"column":61},"end":{"line":311,"column":null}},"line":290},"1":{"name":"(anonymous_1)","decl":{"start":{"line":291,"column":23},"end":{"line":291,"column":24}},"loc":{"start":{"line":291,"column":34},"end":{"line":310,"column":3}},"line":291},"2":{"name":"getNextBadge","decl":{"start":{"line":316,"column":16},"end":{"line":316,"column":29}},"loc":{"start":{"line":316,"column":66},"end":{"line":346,"column":null}},"line":316},"3":{"name":"(anonymous_3)","decl":{"start":{"line":318,"column":37},"end":{"line":318,"column":38}},"loc":{"start":{"line":318,"column":48},"end":{"line":318,"column":79}},"line":318},"4":{"name":"(anonymous_4)","decl":{"start":{"line":323,"column":27},"end":{"line":323,"column":28}},"loc":{"start":{"line":323,"column":37},"end":{"line":345,"column":3}},"line":323},"5":{"name":"(anonymous_5)","decl":{"start":{"line":324,"column":24},"end":{"line":324,"column":25}},"loc":{"start":{"line":324,"column":42},"end":{"line":343,"column":null}},"line":324}},"branchMap":{"0":{"loc":{"start":{"line":292,"column":4},"end":{"line":309,"column":null}},"type":"switch","locations":[{"start":{"line":293,"column":6},"end":{"line":294,"column":null}},{"start":{"line":295,"column":6},"end":{"line":296,"column":null}},{"start":{"line":297,"column":6},"end":{"line":298,"column":null}},{"start":{"line":299,"column":6},"end":{"line":300,"column":null}},{"start":{"line":301,"column":6},"end":{"line":302,"column":null}},{"start":{"line":303,"column":6},"end":{"line":304,"column":null}},{"start":{"line":305,"column":6},"end":{"line":306,"column":null}},{"start":{"line":307,"column":6},"end":{"line":308,"column":null}}],"line":292},"1":{"loc":{"start":{"line":300,"column":16},"end":{"line":300,"column":47}},"type":"binary-expr","locations":[{"start":{"line":300,"column":16},"end":{"line":300,"column":41}},{"start":{"line":300,"column":41},"end":{"line":300,"column":47}}],"line":300},"2":{"loc":{"start":{"line":302,"column":16},"end":{"line":302,"column":45}},"type":"binary-expr","locations":[{"start":{"line":302,"column":16},"end":{"line":302,"column":39}},{"start":{"line":302,"column":39},"end":{"line":302,"column":45}}],"line":302},"3":{"loc":{"start":{"line":304,"column":16},"end":{"line":304,"column":45}},"type":"binary-expr","locations":[{"start":{"line":304,"column":16},"end":{"line":304,"column":39}},{"start":{"line":304,"column":39},"end":{"line":304,"column":45}}],"line":304},"4":{"loc":{"start":{"line":306,"column":16},"end":{"line":306,"column":45}},"type":"binary-expr","locations":[{"start":{"line":306,"column":16},"end":{"line":306,"column":39}},{"start":{"line":306,"column":39},"end":{"line":306,"column":45}}],"line":306},"5":{"loc":{"start":{"line":320,"column":2},"end":{"line":320,"column":null}},"type":"if","locations":[{"start":{"line":320,"column":2},"end":{"line":320,"column":null}},{"start":{},"end":{}}],"line":320},"6":{"loc":{"start":{"line":325,"column":6},"end":{"line":342,"column":null}},"type":"switch","locations":[{"start":{"line":326,"column":8},"end":{"line":327,"column":null}},{"start":{"line":328,"column":8},"end":{"line":329,"column":null}},{"start":{"line":330,"column":8},"end":{"line":331,"column":null}},{"start":{"line":332,"column":8},"end":{"line":333,"column":null}},{"start":{"line":334,"column":8},"end":{"line":335,"column":null}},{"start":{"line":336,"column":8},"end":{"line":337,"column":null}},{"start":{"line":338,"column":8},"end":{"line":339,"column":null}},{"start":{"line":340,"column":8},"end":{"line":341,"column":null}}],"line":325},"7":{"loc":{"start":{"line":333,"column":18},"end":{"line":333,"column":48}},"type":"binary-expr","locations":[{"start":{"line":333,"column":18},"end":{"line":333,"column":43}},{"start":{"line":333,"column":43},"end":{"line":333,"column":48}}],"line":333},"8":{"loc":{"start":{"line":335,"column":18},"end":{"line":335,"column":46}},"type":"binary-expr","locations":[{"start":{"line":335,"column":18},"end":{"line":335,"column":41}},{"start":{"line":335,"column":41},"end":{"line":335,"column":46}}],"line":335},"9":{"loc":{"start":{"line":337,"column":18},"end":{"line":337,"column":46}},"type":"binary-expr","locations":[{"start":{"line":337,"column":18},"end":{"line":337,"column":41}},{"start":{"line":337,"column":41},"end":{"line":337,"column":46}}],"line":337},"10":{"loc":{"start":{"line":339,"column":18},"end":{"line":339,"column":46}},"type":"binary-expr","locations":[{"start":{"line":339,"column":18},"end":{"line":339,"column":41}},{"start":{"line":339,"column":41},"end":{"line":339,"column":46}}],"line":339}},"s":{"0":8,"1":8,"2":8,"3":8,"4":12,"5":264,"6":96,"7":36,"8":36,"9":12,"10":12,"11":12,"12":60,"13":0,"14":3,"15":3,"16":66,"17":3,"18":1,"19":2,"20":76,"21":152,"22":49,"23":18,"24":23,"25":8,"26":7,"27":5,"28":42,"29":0,"30":76},"f":{"0":12,"1":264,"2":3,"3":66,"4":76,"5":152},"b":{"0":[96,36,36,12,12,12,60,0],"1":[12,11],"2":[12,11],"3":[12,11],"4":[60,55],"5":[1,2],"6":[49,18,23,8,7,5,42,0],"7":[8,8],"8":[7,7],"9":[5,5],"10":[42,42]},"meta":{"lastBranch":11,"lastFunction":6,"lastStatement":31,"seen":{"s:6:37:6:Infinity":0,"s:8:45:51:Infinity":1,"s:56:31:266:Infinity":2,"s:271:44:280:Infinity":3,"f:290:16:290:34":0,"s:291:2:310:Infinity":4,"f:291:23:291:24":1,"b:293:6:294:Infinity:295:6:296:Infinity:297:6:298:Infinity:299:6:300:Infinity:301:6:302:Infinity:303:6:304:Infinity:305:6:306:Infinity:307:6:308:Infinity":0,"s:292:4:309:Infinity":5,"s:294:8:294:Infinity":6,"s:296:8:296:Infinity":7,"s:298:8:298:Infinity":8,"s:300:8:300:Infinity":9,"b:300:16:300:41:300:41:300:47":1,"s:302:8:302:Infinity":10,"b:302:16:302:39:302:39:302:45":2,"s:304:8:304:Infinity":11,"b:304:16:304:39:304:39:304:45":3,"s:306:8:306:Infinity":12,"b:306:16:306:39:306:39:306:45":4,"s:308:8:308:Infinity":13,"f:316:16:316:29":2,"s:317:25:317:Infinity":14,"s:318:23:318:Infinity":15,"f:318:37:318:38":3,"s:318:48:318:79":16,"b:320:2:320:Infinity:undefined:undefined:undefined:undefined":5,"s:320:2:320:Infinity":17,"s:320:33:320:Infinity":18,"s:323:2:345:Infinity":19,"f:323:27:323:28":4,"s:324:24:343:Infinity":20,"f:324:24:324:25":5,"b:326:8:327:Infinity:328:8:329:Infinity:330:8:331:Infinity:332:8:333:Infinity:334:8:335:Infinity:336:8:337:Infinity:338:8:339:Infinity:340:8:341:Infinity":6,"s:325:6:342:Infinity":21,"s:327:10:327:Infinity":22,"s:329:10:329:Infinity":23,"s:331:10:331:Infinity":24,"s:333:10:333:Infinity":25,"b:333:18:333:43:333:43:333:48":7,"s:335:10:335:Infinity":26,"b:335:18:335:41:335:41:335:46":8,"s:337:10:337:Infinity":27,"b:337:18:337:41:337:41:337:46":9,"s:339:10:339:Infinity":28,"b:339:18:339:41:339:41:339:46":10,"s:341:10:341:Infinity":29,"s:344:4:344:Infinity":30}}}
,"/Users/pierre/Developer/Perso/Reps/reps/src/utils/formatters.ts": {"path":"/Users/pierre/Developer/Perso/Reps/reps/src/utils/formatters.ts","statementMap":{"0":{"start":{"line":9,"column":12},"end":{"line":9,"column":null}},"1":{"start":{"line":10,"column":2},"end":{"line":14,"column":null}},"2":{"start":{"line":21,"column":12},"end":{"line":21,"column":null}},"3":{"start":{"line":22,"column":2},"end":{"line":26,"column":null}},"4":{"start":{"line":33,"column":18},"end":{"line":33,"column":null}},"5":{"start":{"line":34,"column":27},"end":{"line":34,"column":null}},"6":{"start":{"line":35,"column":2},"end":{"line":35,"column":null}},"7":{"start":{"line":42,"column":16},"end":{"line":42,"column":null}},"8":{"start":{"line":43,"column":18},"end":{"line":43,"column":null}},"9":{"start":{"line":44,"column":27},"end":{"line":44,"column":null}},"10":{"start":{"line":46,"column":2},"end":{"line":52,"column":null}},"11":{"start":{"line":47,"column":4},"end":{"line":47,"column":null}},"12":{"start":{"line":48,"column":2},"end":{"line":52,"column":null}},"13":{"start":{"line":49,"column":4},"end":{"line":49,"column":null}},"14":{"start":{"line":51,"column":4},"end":{"line":51,"column":null}},"15":{"start":{"line":59,"column":2},"end":{"line":59,"column":null}},"16":{"start":{"line":66,"column":2},"end":{"line":66,"column":null}},"17":{"start":{"line":73,"column":12},"end":{"line":73,"column":null}},"18":{"start":{"line":74,"column":14},"end":{"line":74,"column":null}},"19":{"start":{"line":75,"column":24},"end":{"line":75,"column":null}},"20":{"start":{"line":77,"column":2},"end":{"line":90,"column":null}},"21":{"start":{"line":78,"column":4},"end":{"line":78,"column":null}},"22":{"start":{"line":79,"column":2},"end":{"line":90,"column":null}},"23":{"start":{"line":80,"column":20},"end":{"line":80,"column":null}},"24":{"start":{"line":81,"column":4},"end":{"line":81,"column":null}},"25":{"start":{"line":82,"column":2},"end":{"line":90,"column":null}},"26":{"start":{"line":83,"column":18},"end":{"line":83,"column":null}},"27":{"start":{"line":84,"column":4},"end":{"line":84,"column":null}},"28":{"start":{"line":85,"column":2},"end":{"line":90,"column":null}},"29":{"start":{"line":86,"column":17},"end":{"line":86,"column":null}},"30":{"start":{"line":87,"column":4},"end":{"line":87,"column":null}},"31":{"start":{"line":89,"column":4},"end":{"line":89,"column":null}}},"fnMap":{"0":{"name":"formatDate","decl":{"start":{"line":8,"column":16},"end":{"line":8,"column":27}},"loc":{"start":{"line":8,"column":56},"end":{"line":15,"column":null}},"line":8},"1":{"name":"formatDateShort","decl":{"start":{"line":20,"column":16},"end":{"line":20,"column":32}},"loc":{"start":{"line":20,"column":61},"end":{"line":27,"column":null}},"line":20},"2":{"name":"formatDuration","decl":{"start":{"line":32,"column":16},"end":{"line":32,"column":31}},"loc":{"start":{"line":32,"column":56},"end":{"line":36,"column":null}},"line":32},"3":{"name":"formatDurationLong","decl":{"start":{"line":41,"column":16},"end":{"line":41,"column":35}},"loc":{"start":{"line":41,"column":60},"end":{"line":53,"column":null}},"line":41},"4":{"name":"formatNumber","decl":{"start":{"line":58,"column":16},"end":{"line":58,"column":29}},"loc":{"start":{"line":58,"column":50},"end":{"line":60,"column":null}},"line":58},"5":{"name":"formatReps","decl":{"start":{"line":65,"column":16},"end":{"line":65,"column":27}},"loc":{"start":{"line":65,"column":49},"end":{"line":67,"column":null}},"line":65},"6":{"name":"formatRelativeDate","decl":{"start":{"line":72,"column":16},"end":{"line":72,"column":35}},"loc":{"start":{"line":72,"column":64},"end":{"line":91,"column":null}},"line":72}},"branchMap":{"0":{"loc":{"start":{"line":9,"column":12},"end":{"line":9,"column":null}},"type":"cond-expr","locations":[{"start":{"line":9,"column":39},"end":{"line":9,"column":56}},{"start":{"line":9,"column":56},"end":{"line":9,"column":null}}],"line":9},"1":{"loc":{"start":{"line":21,"column":12},"end":{"line":21,"column":null}},"type":"cond-expr","locations":[{"start":{"line":21,"column":39},"end":{"line":21,"column":56}},{"start":{"line":21,"column":56},"end":{"line":21,"column":null}}],"line":21},"2":{"loc":{"start":{"line":46,"column":2},"end":{"line":52,"column":null}},"type":"if","locations":[{"start":{"line":46,"column":2},"end":{"line":52,"column":null}},{"start":{"line":48,"column":2},"end":{"line":52,"column":null}}],"line":46},"3":{"loc":{"start":{"line":48,"column":2},"end":{"line":52,"column":null}},"type":"if","locations":[{"start":{"line":48,"column":2},"end":{"line":52,"column":null}},{"start":{"line":50,"column":9},"end":{"line":52,"column":null}}],"line":48},"4":{"loc":{"start":{"line":66,"column":37},"end":{"line":66,"column":56}},"type":"cond-expr","locations":[{"start":{"line":66,"column":48},"end":{"line":66,"column":54}},{"start":{"line":66,"column":54},"end":{"line":66,"column":56}}],"line":66},"5":{"loc":{"start":{"line":73,"column":12},"end":{"line":73,"column":null}},"type":"cond-expr","locations":[{"start":{"line":73,"column":39},"end":{"line":73,"column":56}},{"start":{"line":73,"column":56},"end":{"line":73,"column":null}}],"line":73},"6":{"loc":{"start":{"line":77,"column":2},"end":{"line":90,"column":null}},"type":"if","locations":[{"start":{"line":77,"column":2},"end":{"line":90,"column":null}},{"start":{"line":79,"column":2},"end":{"line":90,"column":null}}],"line":77},"7":{"loc":{"start":{"line":79,"column":2},"end":{"line":90,"column":null}},"type":"if","locations":[{"start":{"line":79,"column":2},"end":{"line":90,"column":null}},{"start":{"line":82,"column":2},"end":{"line":90,"column":null}}],"line":79},"8":{"loc":{"start":{"line":81,"column":38},"end":{"line":81,"column":60}},"type":"cond-expr","locations":[{"start":{"line":81,"column":52},"end":{"line":81,"column":58}},{"start":{"line":81,"column":58},"end":{"line":81,"column":60}}],"line":81},"9":{"loc":{"start":{"line":82,"column":2},"end":{"line":90,"column":null}},"type":"if","locations":[{"start":{"line":82,"column":2},"end":{"line":90,"column":null}},{"start":{"line":85,"column":2},"end":{"line":90,"column":null}}],"line":82},"10":{"loc":{"start":{"line":84,"column":35},"end":{"line":84,"column":55}},"type":"cond-expr","locations":[{"start":{"line":84,"column":47},"end":{"line":84,"column":53}},{"start":{"line":84,"column":53},"end":{"line":84,"column":55}}],"line":84},"11":{"loc":{"start":{"line":85,"column":2},"end":{"line":90,"column":null}},"type":"if","locations":[{"start":{"line":85,"column":2},"end":{"line":90,"column":null}},{"start":{"line":88,"column":9},"end":{"line":90,"column":null}}],"line":85},"12":{"loc":{"start":{"line":87,"column":33},"end":{"line":87,"column":52}},"type":"cond-expr","locations":[{"start":{"line":87,"column":44},"end":{"line":87,"column":50}},{"start":{"line":87,"column":50},"end":{"line":87,"column":52}}],"line":87}},"s":{"0":2,"1":2,"2":2,"3":2,"4":3,"5":3,"6":3,"7":3,"8":3,"9":3,"10":3,"11":1,"12":2,"13":1,"14":1,"15":4,"16":3,"17":5,"18":5,"19":5,"20":5,"21":1,"22":4,"23":1,"24":1,"25":3,"26":1,"27":1,"28":2,"29":1,"30":1,"31":1},"f":{"0":2,"1":2,"2":3,"3":3,"4":4,"5":3,"6":5},"b":{"0":[1,1],"1":[0,2],"2":[1,2],"3":[1,1],"4":[1,2],"5":[0,5],"6":[1,4],"7":[1,3],"8":[1,0],"9":[1,2],"10":[1,0],"11":[1,1],"12":[1,0]},"meta":{"lastBranch":13,"lastFunction":7,"lastStatement":32,"seen":{"f:8:16:8:27":0,"s:9:12:9:Infinity":0,"b:9:39:9:56:9:56:9:Infinity":0,"s:10:2:14:Infinity":1,"f:20:16:20:32":1,"s:21:12:21:Infinity":2,"b:21:39:21:56:21:56:21:Infinity":1,"s:22:2:26:Infinity":3,"f:32:16:32:31":2,"s:33:18:33:Infinity":4,"s:34:27:34:Infinity":5,"s:35:2:35:Infinity":6,"f:41:16:41:35":3,"s:42:16:42:Infinity":7,"s:43:18:43:Infinity":8,"s:44:27:44:Infinity":9,"b:46:2:52:Infinity:48:2:52:Infinity":2,"s:46:2:52:Infinity":10,"s:47:4:47:Infinity":11,"b:48:2:52:Infinity:50:9:52:Infinity":3,"s:48:2:52:Infinity":12,"s:49:4:49:Infinity":13,"s:51:4:51:Infinity":14,"f:58:16:58:29":4,"s:59:2:59:Infinity":15,"f:65:16:65:27":5,"s:66:2:66:Infinity":16,"b:66:48:66:54:66:54:66:56":4,"f:72:16:72:35":6,"s:73:12:73:Infinity":17,"b:73:39:73:56:73:56:73:Infinity":5,"s:74:14:74:Infinity":18,"s:75:24:75:Infinity":19,"b:77:2:90:Infinity:79:2:90:Infinity":6,"s:77:2:90:Infinity":20,"s:78:4:78:Infinity":21,"b:79:2:90:Infinity:82:2:90:Infinity":7,"s:79:2:90:Infinity":22,"s:80:20:80:Infinity":23,"s:81:4:81:Infinity":24,"b:81:52:81:58:81:58:81:60":8,"b:82:2:90:Infinity:85:2:90:Infinity":9,"s:82:2:90:Infinity":25,"s:83:18:83:Infinity":26,"s:84:4:84:Infinity":27,"b:84:47:84:53:84:53:84:55":10,"b:85:2:90:Infinity:88:9:90:Infinity":11,"s:85:2:90:Infinity":28,"s:86:17:86:Infinity":29,"s:87:4:87:Infinity":30,"b:87:44:87:50:87:50:87:52":12,"s:89:4:89:Infinity":31}}}
,"/Users/pierre/Developer/Perso/Reps/reps/src/utils/theme-colors.ts": {"path":"/Users/pierre/Developer/Perso/Reps/reps/src/utils/theme-colors.ts","statementMap":{"0":{"start":{"line":7,"column":93},"end":{"line":48,"column":null}},"1":{"start":{"line":55,"column":15},"end":{"line":55,"column":null}},"2":{"start":{"line":56,"column":21},"end":{"line":56,"column":null}},"3":{"start":{"line":58,"column":2},"end":{"line":73,"column":null}},"4":{"start":{"line":59,"column":4},"end":{"line":59,"column":null}},"5":{"start":{"line":61,"column":4},"end":{"line":61,"column":null}},"6":{"start":{"line":63,"column":4},"end":{"line":63,"column":null}},"7":{"start":{"line":65,"column":4},"end":{"line":68,"column":null}},"8":{"start":{"line":66,"column":20},"end":{"line":66,"column":null}},"9":{"start":{"line":67,"column":6},"end":{"line":67,"column":null}},"10":{"start":{"line":69,"column":4},"end":{"line":72,"column":null}},"11":{"start":{"line":70,"column":20},"end":{"line":70,"column":null}},"12":{"start":{"line":71,"column":6},"end":{"line":71,"column":null}},"13":{"start":{"line":80,"column":15},"end":{"line":80,"column":null}},"14":{"start":{"line":81,"column":21},"end":{"line":81,"column":null}},"15":{"start":{"line":84,"column":2},"end":{"line":86,"column":null}},"16":{"start":{"line":85,"column":4},"end":{"line":85,"column":null}},"17":{"start":{"line":89,"column":2},"end":{"line":93,"column":null}},"18":{"start":{"line":90,"column":4},"end":{"line":92,"column":null}},"19":{"start":{"line":91,"column":6},"end":{"line":91,"column":null}},"20":{"start":{"line":95,"column":2},"end":{"line":95,"column":null}}},"fnMap":{"0":{"name":"applyThemeColor","decl":{"start":{"line":54,"column":16},"end":{"line":54,"column":32}},"loc":{"start":{"line":54,"column":51},"end":{"line":74,"column":null}},"line":54},"1":{"name":"(anonymous_1)","decl":{"start":{"line":65,"column":81},"end":{"line":65,"column":82}},"loc":{"start":{"line":65,"column":92},"end":{"line":68,"column":5}},"line":65},"2":{"name":"(anonymous_2)","decl":{"start":{"line":69,"column":80},"end":{"line":69,"column":81}},"loc":{"start":{"line":69,"column":91},"end":{"line":72,"column":5}},"line":69},"3":{"name":"getCurrentThemeColor","decl":{"start":{"line":79,"column":16},"end":{"line":79,"column":51}},"loc":{"start":{"line":79,"column":51},"end":{"line":96,"column":null}},"line":79}},"branchMap":{"0":{"loc":{"start":{"line":58,"column":2},"end":{"line":73,"column":null}},"type":"if","locations":[{"start":{"line":58,"column":2},"end":{"line":73,"column":null}},{"start":{},"end":{}}],"line":58},"1":{"loc":{"start":{"line":84,"column":2},"end":{"line":86,"column":null}},"type":"if","locations":[{"start":{"line":84,"column":2},"end":{"line":86,"column":null}},{"start":{},"end":{}}],"line":84},"2":{"loc":{"start":{"line":90,"column":4},"end":{"line":92,"column":null}},"type":"if","locations":[{"start":{"line":90,"column":4},"end":{"line":92,"column":null}},{"start":{},"end":{}}],"line":90}},"s":{"0":6,"1":0,"2":0,"3":0,"4":0,"5":0,"6":0,"7":0,"8":0,"9":0,"10":0,"11":0,"12":0,"13":0,"14":0,"15":0,"16":0,"17":0,"18":0,"19":0,"20":0},"f":{"0":0,"1":0,"2":0,"3":0},"b":{"0":[0,0],"1":[0,0],"2":[0,0]},"meta":{"lastBranch":3,"lastFunction":4,"lastStatement":21,"seen":{"s:7:93:48:Infinity":0,"f:54:16:54:32":0,"s:55:15:55:Infinity":1,"s:56:21:56:Infinity":2,"b:58:2:73:Infinity:undefined:undefined:undefined:undefined":0,"s:58:2:73:Infinity":3,"s:59:4:59:Infinity":4,"s:61:4:61:Infinity":5,"s:63:4:63:Infinity":6,"s:65:4:68:Infinity":7,"f:65:81:65:82":1,"s:66:20:66:Infinity":8,"s:67:6:67:Infinity":9,"s:69:4:72:Infinity":10,"f:69:80:69:81":2,"s:70:20:70:Infinity":11,"s:71:6:71:Infinity":12,"f:79:16:79:51":3,"s:80:15:80:Infinity":13,"s:81:21:81:Infinity":14,"b:84:2:86:Infinity:undefined:undefined:undefined:undefined":1,"s:84:2:86:Infinity":15,"s:85:4:85:Infinity":16,"s:89:2:93:Infinity":17,"b:90:4:92:Infinity:undefined:undefined:undefined:undefined":2,"s:90:4:92:Infinity":18,"s:91:6:91:Infinity":19,"s:95:2:95:Infinity":20}}}
}
