{"/Users/pierre/Developer/Perso/Reps/reps/src/components/LoadingSpinner.tsx": {"path":"/Users/pierre/Developer/Perso/Reps/reps/src/components/LoadingSpinner.tsx","statementMap":{"0":{"start":{"line":13,"column":22},"end":{"line":17,"column":null}},"1":{"start":{"line":19,"column":2},"end":{"line":22,"column":null}}},"fnMap":{"0":{"name":"LoadingSpinner","decl":{"start":{"line":12,"column":16},"end":{"line":12,"column":31}},"loc":{"start":{"line":12,"column":80},"end":{"line":24,"column":null}},"line":12}},"branchMap":{"0":{"loc":{"start":{"line":12,"column":44},"end":{"line":12,"column":56}},"type":"default-arg","locations":[{"start":{"line":12,"column":51},"end":{"line":12,"column":56}}],"line":12}},"s":{"0":1,"1":1},"f":{"0":1},"b":{"0":[1]},"meta":{"lastBranch":1,"lastFunction":1,"lastStatement":2,"seen":{"f:12:16:12:31":0,"b:12:51:12:56":0,"s:13:22:17:Infinity":0,"s:19:2:22:Infinity":1}}}
,"/Users/pierre/Developer/Perso/Reps/reps/src/utils/cn.ts": {"path":"/Users/pierre/Developer/Perso/Reps/reps/src/utils/cn.ts","statementMap":{"0":{"start":{"line":9,"column":2},"end":{"line":9,"column":null}}},"fnMap":{"0":{"name":"cn","decl":{"start":{"line":8,"column":16},"end":{"line":8,"column":22}},"loc":{"start":{"line":8,"column":44},"end":{"line":10,"column":null}},"line":8}},"branchMap":{},"s":{"0":1},"f":{"0":1},"b":{},"meta":{"lastBranch":0,"lastFunction":1,"lastStatement":1,"seen":{"f:8:16:8:22":0,"s:9:2:9:Infinity":0}}}
}
