TN:
SF:src/components/LoadingSpinner.tsx
FN:12,LoadingSpinner
FNF:1
FNH:1
FNDA:1,LoadingSpinner
DA:13,1
DA:19,1
LF:2
LH:2
BRDA:12,0,0,1
BRF:1
BRH:1
end_of_record
TN:
SF:src/utils/cn.ts
FN:8,cn
FNF:1
FNH:1
FNDA:1,cn
DA:9,1
LF:1
LH:1
BRF:0
BRH:0
end_of_record
TN:
SF:src/utils/constants.ts
FN:290,getUnlockedBadges
FN:291,(anonymous_1)
FN:316,getNextBadge
FN:318,(anonymous_3)
FN:323,(anonymous_4)
FN:324,(anonymous_5)
FNF:6
FNH:6
FNDA:6,getUnlockedBadges
FNDA:132,(anonymous_1)
FNDA:3,getNextBadge
FNDA:66,(anonymous_3)
FNDA:76,(anonymous_4)
FNDA:152,(anonymous_5)
DA:6,1
DA:8,1
DA:56,1
DA:271,1
DA:291,6
DA:292,132
DA:294,48
DA:296,18
DA:298,18
DA:300,6
DA:302,6
DA:304,6
DA:306,30
DA:308,0
DA:317,3
DA:318,66
DA:320,3
DA:323,2
DA:324,76
DA:325,152
DA:327,49
DA:329,18
DA:331,23
DA:333,8
DA:335,7
DA:337,5
DA:339,42
DA:341,0
DA:344,76
LF:29
LH:27
BRDA:292,0,0,48
BRDA:292,0,1,18
BRDA:292,0,2,18
BRDA:292,0,3,6
BRDA:292,0,4,6
BRDA:292,0,5,6
BRDA:292,0,6,30
BRDA:292,0,7,0
BRDA:300,1,0,6
BRDA:300,1,1,5
BRDA:302,2,0,6
BRDA:302,2,1,5
BRDA:304,3,0,6
BRDA:304,3,1,5
BRDA:306,4,0,30
BRDA:306,4,1,25
BRDA:320,5,0,1
BRDA:320,5,1,2
BRDA:325,6,0,49
BRDA:325,6,1,18
BRDA:325,6,2,23
BRDA:325,6,3,8
BRDA:325,6,4,7
BRDA:325,6,5,5
BRDA:325,6,6,42
BRDA:325,6,7,0
BRDA:333,7,0,8
BRDA:333,7,1,8
BRDA:335,8,0,7
BRDA:335,8,1,7
BRDA:337,9,0,5
BRDA:337,9,1,5
BRDA:339,10,0,42
BRDA:339,10,1,42
BRF:34
BRH:32
end_of_record
