TN:
SF:src/components/BottomNav.tsx
FN:7,BottomNav
FN:12,(anonymous_1)
FN:18,(anonymous_2)
FN:34,(anonymous_3)
FN:45,(anonymous_4)
FN:52,(anonymous_5)
FN:70,(anonymous_6)
FN:81,(anonymous_7)
FNF:8
FNH:3
FNDA:4,BottomNav
FNDA:20,(anonymous_1)
FNDA:0,(anonymous_2)
FNDA:1,(anonymous_3)
FNDA:0,(anonymous_4)
FNDA:0,(anonymous_5)
FNDA:0,(anonymous_6)
FNDA:0,(anonymous_7)
DA:8,4
DA:9,4
DA:10,4
DA:12,20
DA:14,4
DA:18,0
DA:34,1
DA:45,0
DA:52,0
DA:70,0
DA:81,0
LF:11
LH:6
BRDA:21,0,0,4
BRDA:21,0,1,0
BRDA:26,1,0,4
BRDA:26,1,1,4
BRDA:26,1,2,1
BRDA:37,2,0,0
BRDA:37,2,1,4
BRDA:55,3,0,0
BRDA:55,3,1,4
BRDA:60,4,0,4
BRDA:60,4,1,1
BRDA:73,5,0,0
BRDA:73,5,1,4
BRDA:84,6,0,0
BRDA:84,6,1,4
BRF:15
BRH:10
end_of_record
TN:
SF:src/components/LoadingSpinner.tsx
FN:12,LoadingSpinner
FNF:1
FNH:1
FNDA:2,LoadingSpinner
DA:13,2
DA:19,2
LF:2
LH:2
BRDA:12,0,0,2
BRF:1
BRH:1
end_of_record
TN:
SF:src/components/UserAvatar.tsx
FN:11,UserAvatar
FNF:1
FNH:1
FNDA:9,UserAvatar
DA:16,9
DA:18,9
DA:25,9
LF:3
LH:3
BRDA:11,0,0,9
BRDA:16,1,0,9
BRDA:16,1,1,7
BRDA:16,1,2,6
BRF:4
BRH:4
end_of_record
TN:
SF:src/components/challenges/ChallengeCard.tsx
FN:46,ChallengeCard
FN:93,(anonymous_1)
FN:139,(anonymous_2)
FN:159,(anonymous_3)
FN:196,(anonymous_4)
FN:399,(anonymous_5)
FNF:6
FNH:4
FNDA:8,ChallengeCard
FNDA:0,(anonymous_1)
FNDA:0,(anonymous_2)
FNDA:1,(anonymous_3)
FNDA:8,(anonymous_4)
FNDA:1,(anonymous_5)
DA:47,8
DA:48,8
DA:49,8
DA:50,8
DA:53,8
DA:58,8
DA:60,0
DA:61,0
DA:63,0
DA:93,0
DA:103,8
DA:104,8
DA:105,8
DA:106,8
DA:107,8
DA:108,8
DA:109,8
DA:110,8
DA:112,8
DA:113,6
DA:115,6
DA:118,6
DA:119,6
DA:122,6
DA:124,6
DA:125,6
DA:126,6
DA:129,6
DA:130,6
DA:132,6
DA:133,6
DA:136,2
DA:139,8
DA:140,0
DA:141,0
DA:142,0
DA:144,0
DA:145,0
DA:149,0
DA:151,0
DA:159,8
DA:160,1
DA:161,1
DA:162,1
DA:163,1
DA:164,1
DA:167,1
DA:170,1
DA:177,1
DA:179,1
DA:183,1
DA:185,0
DA:186,0
DA:192,1
DA:196,8
DA:197,8
DA:198,0
DA:199,0
DA:200,0
DA:201,0
DA:202,0
DA:203,0
DA:211,8
DA:212,8
DA:213,1
DA:214,7
DA:216,2
DA:217,0
DA:218,0
DA:219,0
DA:222,8
DA:223,8
DA:224,2
DA:225,0
DA:226,0
DA:227,0
DA:231,8
DA:232,8
DA:234,1
DA:235,1
DA:236,1
DA:240,8
DA:399,1
LF:83
LH:58
BRDA:53,0,0,6
BRDA:53,0,1,2
BRDA:54,1,0,6
BRDA:54,1,1,0
BRDA:58,2,0,0
BRDA:58,2,1,8
BRDA:61,3,0,0
BRDA:61,3,1,0
BRDA:112,4,0,6
BRDA:112,4,1,2
BRDA:112,5,0,8
BRDA:112,5,1,6
BRDA:122,6,0,0
BRDA:122,6,1,6
BRDA:140,7,0,0
BRDA:140,7,1,0
BRDA:142,8,0,0
BRDA:142,8,1,0
BRDA:160,9,0,0
BRDA:160,9,1,1
BRDA:180,10,0,0
BRDA:180,10,1,1
BRDA:197,11,0,8
BRDA:197,11,1,0
BRDA:198,12,0,0
BRDA:198,12,1,0
BRDA:199,13,0,0
BRDA:199,13,1,0
BRDA:200,14,0,0
BRDA:200,14,1,0
BRDA:201,15,0,0
BRDA:201,15,1,0
BRDA:202,16,0,0
BRDA:202,16,1,0
BRDA:212,17,0,1
BRDA:212,17,1,7
BRDA:212,18,0,8
BRDA:212,18,1,6
BRDA:214,19,0,2
BRDA:214,19,1,5
BRDA:216,20,0,2
BRDA:216,20,1,0
BRDA:216,21,0,0
BRDA:216,21,1,0
BRDA:217,22,0,0
BRDA:217,22,1,0
BRDA:223,23,0,2
BRDA:223,23,1,6
BRDA:224,24,0,2
BRDA:224,24,1,0
BRDA:224,25,0,0
BRDA:224,25,1,0
BRDA:225,26,0,0
BRDA:225,26,1,0
BRDA:232,27,0,1
BRDA:232,27,1,7
BRDA:232,28,0,8
BRDA:232,28,1,6
BRDA:235,29,0,1
BRDA:235,29,1,0
BRDA:257,30,0,8
BRDA:257,30,1,0
BRDA:258,31,0,0
BRDA:258,31,1,0
BRDA:259,32,0,0
BRDA:259,32,1,0
BRDA:262,33,0,0
BRDA:262,33,1,8
BRDA:263,34,0,0
BRDA:263,34,1,8
BRDA:264,35,0,0
BRDA:264,35,1,8
BRDA:268,36,0,8
BRDA:268,36,1,6
BRDA:268,36,2,1
BRDA:275,37,0,8
BRDA:275,37,1,6
BRDA:282,38,0,8
BRDA:282,38,1,2
BRDA:299,39,0,8
BRDA:299,39,1,1
BRDA:304,40,0,8
BRDA:304,40,1,6
BRDA:323,41,0,6
BRDA:323,41,1,2
BRDA:325,42,0,6
BRDA:325,42,1,0
BRDA:328,43,0,1
BRDA:328,43,1,5
BRDA:329,44,0,1
BRDA:329,44,1,5
BRDA:359,45,0,0
BRDA:359,45,1,8
BRDA:360,46,0,6
BRDA:360,46,1,2
BRDA:362,47,0,1
BRDA:362,47,1,5
BRDA:364,48,0,1
BRDA:364,48,1,5
BRDA:374,49,0,1
BRDA:374,49,1,5
BRDA:380,50,0,1
BRDA:380,50,1,4
BRDA:381,51,0,1
BRDA:381,51,1,4
BRDA:381,52,0,1
BRDA:381,52,1,3
BRDA:402,53,0,0
BRDA:402,53,1,2
BRF:109
BRH:65
end_of_record
TN:
SF:src/components/layout/PageLayout.tsx
FN:18,PageLayout
FN:36,(anonymous_1)
FN:67,(anonymous_2)
FN:86,(anonymous_3)
FNF:4
FNH:1
FNDA:4,PageLayout
FNDA:0,(anonymous_1)
FNDA:0,(anonymous_2)
FNDA:0,(anonymous_3)
DA:19,4
DA:20,4
DA:23,4
DA:25,4
DA:36,0
DA:67,0
DA:86,0
LF:7
LH:4
BRDA:18,0,0,4
BRDA:18,1,0,4
BRDA:31,2,0,0
BRDA:31,2,1,4
BRDA:57,3,0,4
BRDA:57,3,1,4
BRDA:59,4,0,0
BRDA:59,4,1,4
BRDA:60,5,0,0
BRDA:60,5,1,4
BRDA:61,6,0,4
BRDA:61,6,1,4
BRDA:69,7,0,4
BRDA:69,7,1,0
BRDA:69,7,2,0
BRDA:80,8,0,4
BRDA:80,8,1,4
BRDA:80,8,2,0
BRDA:80,8,3,0
BRDA:84,9,0,0
BRDA:84,9,1,0
BRF:21
BRH:12
end_of_record
TN:
SF:src/components/ui/button.tsx
FN:39,(anonymous_0)
FNF:1
FNH:1
FNDA:45,(anonymous_0)
DA:6,3
DA:38,3
DA:40,45
DA:41,45
DA:46,3
LF:5
LH:5
BRDA:39,0,0,45
BRDA:40,1,0,0
BRDA:40,1,1,45
BRF:3
BRH:2
end_of_record
TN:
SF:src/components/ui/card.tsx
FN:5,(anonymous_0)
FN:16,(anonymous_1)
FN:23,(anonymous_2)
FN:36,(anonymous_3)
FN:42,(anonymous_4)
FN:49,(anonymous_5)
FNF:6
FNH:2
FNDA:146,(anonymous_0)
FNDA:0,(anonymous_1)
FNDA:0,(anonymous_2)
FNDA:0,(anonymous_3)
FNDA:146,(anonymous_4)
FNDA:0,(anonymous_5)
DA:4,3
DA:6,146
DA:13,3
DA:15,3
DA:17,0
DA:20,3
DA:22,3
DA:24,0
DA:31,3
DA:33,3
DA:37,0
DA:39,3
DA:41,3
DA:43,146
DA:46,3
DA:48,3
DA:50,0
DA:53,3
LF:18
LH:14
BRF:0
BRH:0
end_of_record
TN:
SF:src/components/ui/dropdown-menu.tsx
FN:24,(anonymous_0)
FN:44,(anonymous_1)
FN:60,(anonymous_2)
FN:80,(anonymous_3)
FN:96,(anonymous_4)
FN:120,(anonymous_5)
FN:144,(anonymous_6)
FN:160,(anonymous_7)
FN:169,(anonymous_8)
FNF:9
FNH:1
FNDA:0,(anonymous_0)
FNDA:0,(anonymous_1)
FNDA:6,(anonymous_2)
FNDA:0,(anonymous_3)
FNDA:0,(anonymous_4)
FNDA:0,(anonymous_5)
FNDA:0,(anonymous_6)
FNDA:0,(anonymous_7)
FNDA:0,(anonymous_8)
DA:7,1
DA:9,1
DA:11,1
DA:13,1
DA:15,1
DA:17,1
DA:19,1
DA:25,0
DA:38,1
DA:41,1
DA:45,0
DA:54,1
DA:57,1
DA:61,6
DA:73,1
DA:75,1
DA:81,0
DA:91,1
DA:93,1
DA:97,0
DA:114,1
DA:117,1
DA:121,0
DA:137,1
DA:139,1
DA:145,0
DA:155,1
DA:157,1
DA:161,0
DA:167,1
DA:169,1
DA:173,0
DA:180,1
LF:33
LH:25
BRDA:29,0,0,0
BRDA:29,0,1,0
BRDA:60,1,0,6
BRDA:85,2,0,0
BRDA:85,2,1,0
BRDA:149,3,0,0
BRDA:149,3,1,0
BRF:7
BRH:1
end_of_record
TN:
SF:src/components/ui/progress.tsx
FN:7,(anonymous_0)
FNF:1
FNH:1
FNDA:115,(anonymous_0)
DA:4,1
DA:8,115
DA:22,1
LF:3
LH:3
BRDA:18,0,0,115
BRDA:18,0,1,109
BRF:2
BRH:2
end_of_record
TN:
SF:src/firebase/auth.ts
FN:35,signInWithEmail
FN:60,signUpWithEmail
FN:99,signInWithGoogle
FN:125,handleGoogleSignInResult
FN:178,sendPasswordResetEmail
FN:190,signOut
FN:210,getCurrentUser
FN:219,onAuthChange
FN:228,getCurrentUserProfile
FNF:9
FNH:0
FNDA:0,signInWithEmail
FNDA:0,signUpWithEmail
FNDA:0,signInWithGoogle
FNDA:0,handleGoogleSignInResult
FNDA:0,sendPasswordResetEmail
FNDA:0,signOut
FNDA:0,getCurrentUser
FNDA:0,onAuthChange
FNDA:0,getCurrentUserProfile
DA:25,6
DA:26,6
DA:36,0
DA:37,0
DA:38,0
DA:41,0
DA:42,0
DA:44,0
DA:50,0
DA:52,0
DA:53,0
DA:66,0
DA:67,0
DA:68,0
DA:69,0
DA:70,0
DA:71,0
DA:74,0
DA:75,0
DA:79,0
DA:82,0
DA:89,0
DA:91,0
DA:92,0
DA:100,0
DA:101,0
DA:103,0
DA:104,0
DA:105,0
DA:107,0
DA:108,0
DA:111,0
DA:112,0
DA:115,0
DA:116,0
DA:126,0
DA:127,0
DA:128,0
DA:131,0
DA:132,0
DA:134,0
DA:136,0
DA:137,0
DA:138,0
DA:143,0
DA:144,0
DA:145,0
DA:146,0
DA:147,0
DA:152,0
DA:153,0
DA:155,0
DA:156,0
DA:157,0
DA:160,0
DA:168,0
DA:170,0
DA:171,0
DA:179,0
DA:180,0
DA:182,0
DA:183,0
DA:191,0
DA:192,0
DA:193,0
DA:194,0
DA:197,0
DA:200,0
DA:202,0
DA:203,0
DA:211,0
DA:222,0
DA:229,0
DA:230,0
DA:231,0
DA:234,0
LF:76
LH:2
BRDA:42,0,0,0
BRDA:42,0,1,0
BRDA:45,1,0,0
BRDA:45,1,1,0
BRDA:46,2,0,0
BRDA:46,2,1,0
BRDA:74,3,0,0
BRDA:74,3,1,0
BRDA:86,4,0,0
BRDA:86,4,1,0
BRDA:101,5,0,0
BRDA:101,5,1,0
BRDA:131,6,0,0
BRDA:131,6,1,0
BRDA:136,7,0,0
BRDA:136,7,1,0
BRDA:137,8,0,0
BRDA:137,8,1,0
BRDA:138,9,0,0
BRDA:138,9,1,0
BRDA:143,10,0,0
BRDA:143,10,1,0
BRDA:143,11,0,0
BRDA:143,11,1,0
BRDA:145,12,0,0
BRDA:145,12,1,0
BRDA:146,13,0,0
BRDA:146,13,1,0
BRDA:153,14,0,0
BRDA:153,14,1,0
BRDA:155,15,0,0
BRDA:155,15,1,0
BRDA:157,16,0,0
BRDA:157,16,1,0
BRDA:164,17,0,0
BRDA:164,17,1,0
BRDA:192,18,0,0
BRDA:192,18,1,0
BRDA:230,19,0,0
BRDA:230,19,1,0
BRF:40
BRH:0
end_of_record
TN:
SF:src/firebase/challenges.ts
FN:157,(anonymous_0)
FN:157,(anonymous_1)
FN:159,(anonymous_2)
FN:166,(anonymous_3)
FN:177,(anonymous_4)
FN:191,(anonymous_5)
FN:237,(anonymous_6)
FN:273,(anonymous_7)
FN:295,(anonymous_8)
FN:329,(anonymous_9)
FN:338,(anonymous_10)
FN:342,(anonymous_11)
FN:349,(anonymous_12)
FN:374,(anonymous_13)
FN:446,(anonymous_14)
FN:458,(anonymous_15)
FNF:16
FNH:3
FNDA:0,(anonymous_0)
FNDA:0,(anonymous_1)
FNDA:7,(anonymous_2)
FNDA:8,(anonymous_3)
FNDA:6,(anonymous_4)
FNDA:0,(anonymous_5)
FNDA:0,(anonymous_6)
FNDA:0,(anonymous_7)
FNDA:0,(anonymous_8)
FNDA:0,(anonymous_9)
FNDA:0,(anonymous_10)
FNDA:0,(anonymous_11)
FNDA:0,(anonymous_12)
FNDA:0,(anonymous_13)
FNDA:0,(anonymous_14)
FNDA:0,(anonymous_15)
DA:57,1
DA:157,1
DA:159,1
DA:160,7
DA:162,7
DA:166,1
DA:167,8
DA:168,0
DA:171,8
DA:172,8
DA:173,8
DA:174,8
DA:177,1
DA:178,6
DA:179,6
DA:180,6
DA:181,6
DA:183,6
DA:184,6
DA:185,6
DA:191,1
DA:192,0
DA:193,0
DA:196,0
DA:201,0
DA:202,0
DA:203,0
DA:207,0
DA:214,0
DA:215,0
DA:216,0
DA:219,0
DA:220,0
DA:232,0
DA:233,0
DA:237,1
DA:242,0
DA:243,0
DA:245,0
DA:246,0
DA:247,0
DA:248,0
DA:249,0
DA:250,0
DA:251,0
DA:255,0
DA:256,0
DA:257,0
DA:258,0
DA:259,0
DA:263,0
DA:264,0
DA:265,0
DA:269,0
DA:273,1
DA:281,0
DA:284,0
DA:289,0
DA:290,0
DA:291,0
DA:295,0
DA:296,0
DA:298,0
DA:311,0
DA:312,0
DA:324,0
DA:325,0
DA:329,1
DA:330,0
DA:335,0
DA:338,0
DA:342,1
DA:348,0
DA:349,0
DA:351,0
DA:352,0
DA:353,0
DA:355,0
DA:358,0
DA:359,0
DA:362,0
DA:363,0
DA:366,0
DA:367,0
DA:369,0
DA:370,0
DA:374,0
DA:375,0
DA:378,0
DA:379,0
DA:401,0
DA:402,0
DA:403,0
DA:404,0
DA:407,0
DA:412,0
DA:418,0
DA:426,0
DA:432,0
DA:433,0
DA:435,0
DA:446,0
DA:447,0
DA:451,0
DA:453,0
DA:454,0
DA:458,1
DA:459,0
LF:108
LH:25
BRDA:160,0,0,0
BRDA:160,0,1,7
BRDA:167,1,0,0
BRDA:167,1,1,8
BRDA:177,2,0,6
BRDA:193,3,0,0
BRDA:193,3,1,0
BRDA:202,4,0,0
BRDA:202,4,1,0
BRDA:215,5,0,0
BRDA:215,5,1,0
BRDA:240,6,0,0
BRDA:245,7,0,0
BRDA:245,7,1,0
BRDA:247,8,0,0
BRDA:247,8,1,0
BRDA:247,8,2,0
BRDA:247,8,3,0
BRDA:255,9,0,0
BRDA:255,9,1,0
BRDA:255,9,2,0
BRDA:255,9,3,0
BRDA:263,10,0,0
BRDA:263,10,1,0
BRDA:263,11,0,0
BRDA:263,11,1,0
BRDA:278,12,0,0
BRDA:290,13,0,0
BRDA:290,13,1,0
BRDA:296,14,0,0
BRDA:296,14,1,0
BRDA:302,15,0,0
BRDA:302,15,1,0
BRDA:346,16,0,0
BRDA:353,17,0,0
BRDA:353,17,1,0
BRDA:358,18,0,0
BRDA:358,18,1,0
BRDA:359,19,0,0
BRDA:359,19,1,0
BRDA:369,20,0,0
BRDA:369,20,1,0
BRDA:375,21,0,0
BRDA:375,21,1,0
BRDA:403,22,0,0
BRDA:403,22,1,0
BRDA:439,23,0,0
BRDA:439,23,1,0
BRF:48
BRH:3
end_of_record
TN:
SF:src/firebase/config.ts
FN:31,(anonymous_0)
FNF:1
FNH:1
FNDA:42,(anonymous_0)
DA:11,7
DA:22,7
DA:31,42
DA:33,7
DA:34,0
DA:42,7
DA:43,7
DA:44,7
DA:46,0
DA:62,7
DA:64,7
DA:67,0
DA:72,7
DA:77,7
DA:78,7
DA:80,0
DA:86,7
DA:89,7
DA:90,7
DA:91,0
DA:92,0
DA:94,0
DA:103,7
DA:105,7
DA:106,7
DA:107,7
DA:112,7
LF:27
LH:20
BRDA:33,0,0,0
BRDA:33,0,1,7
BRDA:43,1,0,7
BRDA:43,1,1,0
BRDA:90,2,0,0
BRDA:90,2,1,7
BRDA:90,3,0,7
BRDA:90,3,1,7
BRDA:90,3,2,0
BRDA:103,4,0,7
BRDA:103,4,1,0
BRDA:105,5,0,7
BRDA:105,5,1,0
BRF:13
BRH:7
end_of_record
TN:
SF:src/firebase/firestore.ts
FN:36,createUserDocument
FN:63,(anonymous_1)
FN:78,checkUsernameAvailability
FN:106,getUserDocument
FN:124,updateUserDocument
FN:146,subscribeToUser
FN:153,(anonymous_6)
FN:160,(anonymous_7)
FN:172,createSession
FN:192,getLastSession
FN:215,getUserSessions
FN:221,(anonymous_11)
FN:234,getSession
FN:252,subscribeToUserSessions
FN:262,(anonymous_14)
FN:263,(anonymous_15)
FN:269,(anonymous_16)
FN:281,createExercise
FN:298,getUserExercises
FN:304,(anonymous_19)
FN:317,deleteExercise
FN:332,calculateUserStats
FN:336,(anonymous_22)
FN:337,(anonymous_23)
FN:338,(anonymous_24)
FN:339,(anonymous_25)
FN:354,(anonymous_26)
FN:408,(anonymous_27)
FN:430,(anonymous_28)
FN:436,(anonymous_29)
FN:446,(anonymous_30)
FN:452,(anonymous_31)
FN:480,updateUserStatsAfterSession
FN:492,(anonymous_33)
FN:494,(anonymous_34)
FN:512,(anonymous_35)
FN:517,(anonymous_36)
FN:553,createNotification
FN:570,getUserNotifications
FN:581,(anonymous_39)
FN:594,markNotificationAsRead
FN:609,getRandomMotivationalPhrase
FN:618,(anonymous_42)
FN:638,searchUsers
FN:662,(anonymous_44)
FN:663,(anonymous_45)
FN:692,(anonymous_46)
FN:693,(anonymous_47)
FN:708,sendFriendRequest
FN:772,acceptFriendRequest
FN:843,(anonymous_50)
FN:876,removeFriend
FN:886,(anonymous_52)
FN:897,(anonymous_53)
FN:912,declineFriendRequest
FN:935,subscribeToFriendRequests
FN:945,(anonymous_56)
FN:946,(anonymous_57)
FN:948,(anonymous_58)
FN:954,(anonymous_59)
FN:962,getFriendsDetails
FN:981,(anonymous_61)
FN:994,getFriendsActivity
FN:1022,(anonymous_63)
FN:1028,(anonymous_64)
FN:1034,(anonymous_65)
FN:1050,getLeaderboardStats
FN:1087,(anonymous_67)
FN:1094,(anonymous_68)
FN:1098,(anonymous_69)
FN:1108,(anonymous_70)
FN:1122,markBadgesAsSeen
FNF:72
FNH:0
FNDA:0,createUserDocument
FNDA:0,(anonymous_1)
FNDA:0,checkUsernameAvailability
FNDA:0,getUserDocument
FNDA:0,updateUserDocument
FNDA:0,subscribeToUser
FNDA:0,(anonymous_6)
FNDA:0,(anonymous_7)
FNDA:0,createSession
FNDA:0,getLastSession
FNDA:0,getUserSessions
FNDA:0,(anonymous_11)
FNDA:0,getSession
FNDA:0,subscribeToUserSessions
FNDA:0,(anonymous_14)
FNDA:0,(anonymous_15)
FNDA:0,(anonymous_16)
FNDA:0,createExercise
FNDA:0,getUserExercises
FNDA:0,(anonymous_19)
FNDA:0,deleteExercise
FNDA:0,calculateUserStats
FNDA:0,(anonymous_22)
FNDA:0,(anonymous_23)
FNDA:0,(anonymous_24)
FNDA:0,(anonymous_25)
FNDA:0,(anonymous_26)
FNDA:0,(anonymous_27)
FNDA:0,(anonymous_28)
FNDA:0,(anonymous_29)
FNDA:0,(anonymous_30)
FNDA:0,(anonymous_31)
FNDA:0,updateUserStatsAfterSession
FNDA:0,(anonymous_33)
FNDA:0,(anonymous_34)
FNDA:0,(anonymous_35)
FNDA:0,(anonymous_36)
FNDA:0,createNotification
FNDA:0,getUserNotifications
FNDA:0,(anonymous_39)
FNDA:0,markNotificationAsRead
FNDA:0,getRandomMotivationalPhrase
FNDA:0,(anonymous_42)
FNDA:0,searchUsers
FNDA:0,(anonymous_44)
FNDA:0,(anonymous_45)
FNDA:0,(anonymous_46)
FNDA:0,(anonymous_47)
FNDA:0,sendFriendRequest
FNDA:0,acceptFriendRequest
FNDA:0,(anonymous_50)
FNDA:0,removeFriend
FNDA:0,(anonymous_52)
FNDA:0,(anonymous_53)
FNDA:0,declineFriendRequest
FNDA:0,subscribeToFriendRequests
FNDA:0,(anonymous_56)
FNDA:0,(anonymous_57)
FNDA:0,(anonymous_58)
FNDA:0,(anonymous_59)
FNDA:0,getFriendsDetails
FNDA:0,(anonymous_61)
FNDA:0,getFriendsActivity
FNDA:0,(anonymous_63)
FNDA:0,(anonymous_64)
FNDA:0,(anonymous_65)
FNDA:0,getLeaderboardStats
FNDA:0,(anonymous_67)
FNDA:0,(anonymous_68)
FNDA:0,(anonymous_69)
FNDA:0,(anonymous_70)
FNDA:0,markBadgesAsSeen
DA:40,0
DA:41,0
DA:42,0
DA:63,0
DA:67,0
DA:69,0
DA:70,0
DA:79,0
DA:80,0
DA:81,0
DA:84,0
DA:85,0
DA:87,0
DA:88,0
DA:92,0
DA:93,0
DA:96,0
DA:98,0
DA:99,0
DA:107,0
DA:108,0
DA:109,0
DA:111,0
DA:112,0
DA:114,0
DA:116,0
DA:117,0
DA:125,0
DA:126,0
DA:128,0
DA:129,0
DA:130,0
DA:133,0
DA:138,0
DA:139,0
DA:150,0
DA:151,0
DA:154,0
DA:155,0
DA:157,0
DA:161,0
DA:162,0
DA:173,0
DA:174,0
DA:175,0
DA:181,0
DA:182,0
DA:184,0
DA:185,0
DA:193,0
DA:194,0
DA:195,0
DA:196,0
DA:198,0
DA:199,0
DA:200,0
DA:205,0
DA:207,0
DA:208,0
DA:216,0
DA:217,0
DA:218,0
DA:219,0
DA:221,0
DA:226,0
DA:227,0
DA:235,0
DA:236,0
DA:237,0
DA:239,0
DA:240,0
DA:242,0
DA:244,0
DA:245,0
DA:257,0
DA:258,0
DA:260,0
DA:263,0
DA:267,0
DA:270,0
DA:271,0
DA:282,0
DA:283,0
DA:284,0
DA:288,0
DA:290,0
DA:291,0
DA:299,0
DA:300,0
DA:301,0
DA:302,0
DA:304,0
DA:309,0
DA:310,0
DA:318,0
DA:319,0
DA:320,0
DA:322,0
DA:323,0
DA:333,0
DA:334,0
DA:336,0
DA:337,0
DA:338,0
DA:339,0
DA:340,0
DA:342,0
DA:343,0
DA:344,0
DA:347,0
DA:348,0
DA:349,0
DA:350,0
DA:351,0
DA:354,0
DA:355,0
DA:356,0
DA:357,0
DA:360,0
DA:361,0
DA:362,0
DA:363,0
DA:364,0
DA:367,0
DA:368,0
DA:369,0
DA:370,0
DA:373,0
DA:374,0
DA:375,0
DA:376,0
DA:377,0
DA:378,0
DA:379,0
DA:380,0
DA:382,0
DA:386,0
DA:387,0
DA:388,0
DA:389,0
DA:391,0
DA:393,0
DA:394,0
DA:403,0
DA:404,0
DA:405,0
DA:406,0
DA:408,0
DA:409,0
DA:410,0
DA:411,0
DA:414,0
DA:415,0
DA:419,0
DA:420,0
DA:424,0
DA:425,0
DA:429,0
DA:430,0
DA:431,0
DA:432,0
DA:433,0
DA:436,0
DA:438,0
DA:439,0
DA:441,0
DA:446,0
DA:452,0
DA:454,0
DA:455,0
DA:472,0
DA:473,0
DA:481,0
DA:482,0
DA:483,0
DA:484,0
DA:487,0
DA:490,0
DA:491,0
DA:492,0
DA:494,0
DA:497,0
DA:498,0
DA:501,0
DA:502,0
DA:512,0
DA:516,0
DA:517,0
DA:518,0
DA:519,0
DA:529,0
DA:532,0
DA:543,0
DA:544,0
DA:554,0
DA:555,0
DA:556,0
DA:560,0
DA:562,0
DA:563,0
DA:571,0
DA:572,0
DA:573,0
DA:579,0
DA:581,0
DA:586,0
DA:587,0
DA:595,0
DA:596,0
DA:597,0
DA:599,0
DA:600,0
DA:610,0
DA:611,0
DA:612,0
DA:614,0
DA:615,0
DA:618,0
DA:624,0
DA:625,0
DA:626,0
DA:628,0
DA:629,0
DA:639,0
DA:640,0
DA:642,0
DA:648,0
DA:649,0
DA:652,0
DA:653,0
DA:655,0
DA:657,0
DA:662,0
DA:663,0
DA:668,0
DA:678,0
DA:686,0
DA:687,0
DA:692,0
DA:693,0
DA:695,0
DA:698,0
DA:700,0
DA:701,0
DA:709,0
DA:710,0
DA:714,0
DA:721,0
DA:722,0
DA:724,0
DA:725,0
DA:726,0
DA:727,0
DA:732,0
DA:739,0
DA:740,0
DA:741,0
DA:745,0
DA:755,0
DA:764,0
DA:765,0
DA:773,0
DA:774,0
DA:777,0
DA:778,0
DA:779,0
DA:780,0
DA:782,0
DA:785,0
DA:803,0
DA:804,0
DA:805,0
DA:806,0
DA:807,0
DA:811,0
DA:812,0
DA:813,0
DA:814,0
DA:815,0
DA:816,0
DA:820,0
DA:821,0
DA:832,0
DA:833,0
DA:842,0
DA:843,0
DA:845,0
DA:850,0
DA:851,0
DA:866,0
DA:868,0
DA:869,0
DA:877,0
DA:878,0
DA:881,0
DA:882,0
DA:883,0
DA:884,0
DA:885,0
DA:886,0
DA:892,0
DA:893,0
DA:894,0
DA:895,0
DA:896,0
DA:897,0
DA:902,0
DA:904,0
DA:905,0
DA:913,0
DA:914,0
DA:915,0
DA:917,0
DA:918,0
DA:936,0
DA:939,0
DA:945,0
DA:946,0
DA:948,0
DA:949,0
DA:950,0
DA:951,0
DA:953,0
DA:955,0
DA:963,0
DA:964,0
DA:970,0
DA:971,0
DA:972,0
DA:973,0
DA:976,0
DA:978,0
DA:980,0
DA:981,0
DA:984,0
DA:986,0
DA:987,0
DA:995,0
DA:996,0
DA:998,0
DA:1001,0
DA:1010,0
DA:1017,0
DA:1022,0
DA:1028,0
DA:1034,0
DA:1035,0
DA:1036,0
DA:1037,0
DA:1040,0
DA:1042,0
DA:1043,0
DA:1051,0
DA:1052,0
DA:1055,0
DA:1057,0
DA:1058,0
DA:1059,0
DA:1061,0
DA:1062,0
DA:1063,0
DA:1064,0
DA:1065,0
DA:1066,0
DA:1067,0
DA:1070,0
DA:1073,0
DA:1074,0
DA:1075,0
DA:1078,0
DA:1080,0
DA:1081,0
DA:1086,0
DA:1087,0
DA:1091,0
DA:1094,0
DA:1095,0
DA:1098,0
DA:1099,0
DA:1100,0
DA:1108,0
DA:1114,0
DA:1115,0
DA:1123,0
DA:1124,0
DA:1125,0
DA:1127,0
DA:1128,0
LF:388
LH:0
BRDA:43,0,0,0
BRDA:43,0,1,0
BRDA:44,1,0,0
BRDA:44,1,1,0
BRDA:47,2,0,0
BRDA:47,2,1,0
BRDA:49,3,0,0
BRDA:49,3,1,0
BRDA:59,4,0,0
BRDA:59,4,1,0
BRDA:63,5,0,0
BRDA:63,5,1,0
BRDA:87,6,0,0
BRDA:87,6,1,0
BRDA:92,7,0,0
BRDA:92,7,1,0
BRDA:92,8,0,0
BRDA:92,8,1,0
BRDA:111,9,0,0
BRDA:111,9,1,0
BRDA:129,10,0,0
BRDA:129,10,1,0
BRDA:154,11,0,0
BRDA:154,11,1,0
BRDA:198,12,0,0
BRDA:198,12,1,0
BRDA:215,13,0,0
BRDA:239,14,0,0
BRDA:239,14,1,0
BRDA:255,15,0,0
BRDA:339,16,0,0
BRDA:339,16,1,0
BRDA:342,17,0,0
BRDA:342,17,1,0
BRDA:343,18,0,0
BRDA:343,18,1,0
BRDA:344,19,0,0
BRDA:344,19,1,0
BRDA:360,20,0,0
BRDA:360,20,1,0
BRDA:362,21,0,0
BRDA:362,21,1,0
BRDA:368,22,0,0
BRDA:368,22,1,0
BRDA:376,23,0,0
BRDA:376,23,1,0
BRDA:376,24,0,0
BRDA:376,24,1,0
BRDA:386,25,0,0
BRDA:386,25,1,0
BRDA:388,26,0,0
BRDA:388,26,1,0
BRDA:409,27,0,0
BRDA:409,27,1,0
BRDA:414,28,0,0
BRDA:414,28,1,0
BRDA:414,29,0,0
BRDA:414,29,1,0
BRDA:419,30,0,0
BRDA:419,30,1,0
BRDA:419,31,0,0
BRDA:419,31,1,0
BRDA:424,32,0,0
BRDA:424,32,1,0
BRDA:424,33,0,0
BRDA:424,33,1,0
BRDA:429,34,0,0
BRDA:429,34,1,0
BRDA:431,35,0,0
BRDA:431,35,1,0
BRDA:438,36,0,0
BRDA:438,36,1,0
BRDA:462,37,0,0
BRDA:462,37,1,0
BRDA:463,38,0,0
BRDA:463,38,1,0
BRDA:483,39,0,0
BRDA:483,39,1,0
BRDA:490,40,0,0
BRDA:490,40,1,0
BRDA:497,41,0,0
BRDA:497,41,1,0
BRDA:505,42,0,0
BRDA:505,42,1,0
BRDA:535,43,0,0
BRDA:535,43,1,0
BRDA:570,44,0,0
BRDA:614,45,0,0
BRDA:614,45,1,0
BRDA:626,46,0,0
BRDA:626,46,1,0
BRDA:638,47,0,0
BRDA:640,48,0,0
BRDA:640,48,1,0
BRDA:640,49,0,0
BRDA:640,49,1,0
BRDA:652,50,0,0
BRDA:652,50,1,0
BRDA:722,51,0,0
BRDA:722,51,1,0
BRDA:725,52,0,0
BRDA:725,52,1,0
BRDA:740,53,0,0
BRDA:740,53,1,0
BRDA:748,54,0,0
BRDA:748,54,1,0
BRDA:779,55,0,0
BRDA:779,55,1,0
BRDA:805,56,0,0
BRDA:805,56,1,0
BRDA:806,57,0,0
BRDA:806,57,1,0
BRDA:814,58,0,0
BRDA:814,58,1,0
BRDA:815,59,0,0
BRDA:815,59,1,0
BRDA:883,60,0,0
BRDA:883,60,1,0
BRDA:884,61,0,0
BRDA:884,61,1,0
BRDA:894,62,0,0
BRDA:894,62,1,0
BRDA:895,63,0,0
BRDA:895,63,1,0
BRDA:949,64,0,0
BRDA:949,64,1,0
BRDA:950,65,0,0
BRDA:950,65,1,0
BRDA:964,66,0,0
BRDA:964,66,1,0
BRDA:964,67,0,0
BRDA:964,67,1,0
BRDA:994,68,0,0
BRDA:996,69,0,0
BRDA:996,69,1,0
BRDA:996,70,0,0
BRDA:996,70,1,0
BRDA:1035,71,0,0
BRDA:1035,71,1,0
BRDA:1036,72,0,0
BRDA:1036,72,1,0
BRDA:1052,73,0,0
BRDA:1052,73,1,0
BRDA:1052,74,0,0
BRDA:1052,74,1,0
BRDA:1057,75,0,0
BRDA:1057,75,1,0
BRDA:1059,76,0,0
BRDA:1059,76,1,0
BRDA:1062,77,0,0
BRDA:1062,77,1,0
BRDA:1065,78,0,0
BRDA:1065,78,1,0
BRDA:1099,79,0,0
BRDA:1099,79,1,0
BRDA:1101,80,0,0
BRDA:1101,80,1,0
BRDA:1103,81,0,0
BRDA:1103,81,1,0
BRF:159
BRH:0
end_of_record
TN:
SF:src/firebase/index.ts
FNF:0
FNH:0
LF:0
LH:0
BRF:0
BRH:0
end_of_record
TN:
SF:src/firebase/offline.ts
FN:25,saveCurrentSessionToLocal
FN:36,getCurrentSessionFromLocal
FN:52,clearCurrentSessionFromLocal
FN:64,saveExercisesToLocal
FN:75,getExercisesFromLocal
FN:91,isOffline
FN:98,onNetworkChange
FN:99,(anonymous_7)
FN:100,(anonymous_8)
FN:106,(anonymous_9)
FN:116,syncLocalDataWithFirestore
FNF:11
FNH:0
FNDA:0,saveCurrentSessionToLocal
FNDA:0,getCurrentSessionFromLocal
FNDA:0,clearCurrentSessionFromLocal
FNDA:0,saveExercisesToLocal
FNDA:0,getExercisesFromLocal
FNDA:0,isOffline
FNDA:0,onNetworkChange
FNDA:0,(anonymous_7)
FNDA:0,(anonymous_8)
FNDA:0,(anonymous_9)
FNDA:0,syncLocalDataWithFirestore
DA:16,6
DA:26,0
DA:27,0
DA:29,0
DA:37,0
DA:38,0
DA:39,0
DA:40,0
DA:42,0
DA:44,0
DA:45,0
DA:53,0
DA:54,0
DA:55,0
DA:57,0
DA:65,0
DA:66,0
DA:68,0
DA:76,0
DA:77,0
DA:78,0
DA:79,0
DA:81,0
DA:83,0
DA:84,0
DA:92,0
DA:99,0
DA:100,0
DA:102,0
DA:103,0
DA:106,0
DA:107,0
DA:108,0
DA:117,0
DA:119,0
DA:122,0
DA:124,0
DA:125,0
DA:127,0
DA:128,0
DA:130,0
DA:131,0
DA:133,0
DA:135,0
DA:136,0
DA:137,0
DA:145,0
DA:150,0
DA:152,0
LF:49
LH:1
BRDA:39,0,0,0
BRDA:39,0,1,0
BRDA:78,1,0,0
BRDA:78,1,1,0
BRDA:117,2,0,0
BRDA:117,2,1,0
BRDA:125,3,0,0
BRDA:125,3,1,0
BRDA:125,4,0,0
BRDA:125,4,1,0
BRDA:130,5,0,0
BRDA:130,5,1,0
BRDA:130,6,0,0
BRDA:130,6,1,0
BRDA:133,7,0,0
BRDA:133,7,1,0
BRDA:139,8,0,0
BRDA:139,8,1,0
BRDA:140,9,0,0
BRDA:140,9,1,0
BRDA:141,10,0,0
BRDA:141,10,1,0
BRF:22
BRH:0
end_of_record
TN:
SF:src/hooks/useBadgeEvents.ts
FN:9,useBadgeEvents
FN:18,(anonymous_1)
FN:29,(anonymous_2)
FN:30,(anonymous_3)
FN:48,(anonymous_4)
FN:71,(anonymous_5)
FNF:6
FNH:6
FNDA:4,useBadgeEvents
FNDA:4,(anonymous_1)
FNDA:2,(anonymous_2)
FNDA:2,(anonymous_3)
FNDA:1,(anonymous_4)
FNDA:3,(anonymous_5)
DA:10,4
DA:11,4
DA:12,4
DA:13,4
DA:16,4
DA:18,4
DA:19,4
DA:21,3
DA:22,3
DA:29,3
DA:30,2
DA:31,2
DA:32,2
DA:33,2
DA:38,2
DA:41,2
DA:42,2
DA:44,1
DA:48,1
DA:50,1
DA:51,1
DA:54,1
DA:64,1
DA:65,1
DA:66,1
DA:71,3
LF:26
LH:26
BRDA:19,0,0,1
BRDA:19,0,1,3
BRDA:31,1,0,2
BRDA:31,1,1,0
BRDA:38,2,0,0
BRDA:38,2,1,2
BRDA:41,3,0,2
BRDA:41,3,1,0
BRDA:42,4,0,1
BRDA:42,4,1,1
BRF:10
BRH:7
end_of_record
TN:
SF:src/hooks/useChallenges.ts
FN:5,useChallenges
FN:10,(anonymous_1)
FN:27,(anonymous_2)
FN:31,(anonymous_3)
FNF:4
FNH:4
FNDA:7,useChallenges
FNDA:5,(anonymous_1)
FNDA:4,(anonymous_2)
FNDA:1,(anonymous_3)
DA:6,7
DA:7,7
DA:8,7
DA:10,7
DA:11,5
DA:12,0
DA:13,0
DA:16,5
DA:17,5
DA:18,5
DA:19,3
DA:21,1
DA:23,4
DA:27,7
DA:28,4
DA:31,7
DA:33,7
LF:17
LH:15
BRDA:10,0,0,5
BRDA:11,1,0,0
BRDA:11,1,1,5
BRDA:12,2,0,0
BRDA:12,2,1,0
BRDA:17,3,0,4
BRDA:17,3,1,1
BRDA:23,4,0,3
BRDA:23,4,1,1
BRF:9
BRH:6
end_of_record
TN:
SF:src/hooks/useStreak.ts
FN:16,useStreak
FN:24,(anonymous_1)
FN:27,(anonymous_2)
FN:43,(anonymous_3)
FNF:4
FNH:4
FNDA:5,useStreak
FNDA:5,(anonymous_1)
FNDA:3,(anonymous_2)
FNDA:4,(anonymous_3)
DA:17,5
DA:19,5
DA:20,5
DA:21,5
DA:22,5
DA:24,5
DA:25,5
DA:27,4
DA:28,3
DA:29,3
DA:31,3
DA:32,3
DA:37,3
DA:39,0
DA:43,4
DA:44,4
DA:45,4
DA:48,4
DA:49,1
DA:50,1
DA:53,3
DA:54,3
DA:55,3
DA:56,3
DA:58,3
DA:59,1
DA:60,2
DA:61,1
DA:63,1
DA:67,4
LF:30
LH:29
BRDA:25,0,0,1
BRDA:25,0,1,4
BRDA:35,1,0,2
BRDA:35,1,1,1
BRDA:48,2,0,1
BRDA:48,2,1,3
BRDA:58,3,0,1
BRDA:58,3,1,2
BRDA:60,4,0,1
BRDA:60,4,1,1
BRDA:61,5,0,1
BRDA:61,5,1,0
BRF:12
BRH:11
end_of_record
TN:
SF:src/pages/Achievements.tsx
FN:13,Achievements
FN:22,(anonymous_1)
FN:29,(anonymous_2)
FN:30,(anonymous_3)
FN:33,(anonymous_4)
FN:37,(anonymous_5)
FN:38,(anonymous_6)
FN:51,(anonymous_7)
FN:57,(anonymous_8)
FN:102,(anonymous_9)
FN:109,(anonymous_10)
FN:113,(anonymous_11)
FN:169,(anonymous_12)
FNF:13
FNH:13
FNDA:6,Achievements
FNDA:6,(anonymous_1)
FNDA:6,(anonymous_2)
FNDA:1,(anonymous_3)
FNDA:6,(anonymous_4)
FNDA:6,(anonymous_5)
FNDA:6,(anonymous_6)
FNDA:23,(anonymous_7)
FNDA:1,(anonymous_8)
FNDA:126,(anonymous_9)
FNDA:132,(anonymous_10)
FNDA:109,(anonymous_11)
FNDA:1,(anonymous_12)
DA:14,6
DA:15,6
DA:18,6
DA:20,6
DA:22,6
DA:23,6
DA:24,2
DA:29,6
DA:30,6
DA:31,1
DA:33,6
DA:37,6
DA:38,6
DA:42,6
DA:43,1
DA:48,6
DA:50,6
DA:51,23
DA:53,6
DA:54,6
DA:55,6
DA:57,6
DA:58,1
DA:59,1
DA:61,1
DA:66,0
DA:67,0
DA:75,6
DA:103,126
DA:104,126
DA:105,126
DA:106,126
DA:107,120
DA:110,132
DA:111,132
DA:113,132
DA:115,109
DA:116,28
DA:117,15
DA:118,18
DA:119,30
DA:120,6
DA:121,6
DA:122,6
DA:123,0
DA:127,132
DA:169,1
LF:47
LH:44
BRDA:23,0,0,2
BRDA:23,0,1,4
BRDA:23,1,0,6
BRDA:23,1,1,5
BRDA:42,2,0,1
BRDA:42,2,1,5
BRDA:42,3,0,6
BRDA:42,3,1,2
BRDA:48,4,0,0
BRDA:48,4,1,6
BRDA:48,5,0,6
BRDA:48,5,1,6
BRDA:105,6,0,0
BRDA:105,6,1,126
BRDA:105,7,0,126
BRDA:105,7,1,17
BRDA:106,8,0,6
BRDA:106,8,1,120
BRDA:106,9,0,126
BRDA:106,9,1,109
BRDA:113,10,0,109
BRDA:113,10,1,23
BRDA:115,11,0,28
BRDA:115,11,1,15
BRDA:115,11,2,18
BRDA:115,11,3,30
BRDA:115,11,4,6
BRDA:115,11,5,6
BRDA:115,11,6,6
BRDA:115,11,7,0
BRDA:119,12,0,30
BRDA:119,12,1,30
BRDA:120,13,0,6
BRDA:120,13,1,6
BRDA:121,14,0,6
BRDA:121,14,1,6
BRDA:122,15,0,6
BRDA:122,15,1,6
BRDA:130,16,0,132
BRDA:130,16,1,109
BRDA:131,17,0,132
BRDA:131,17,1,0
BRDA:134,18,0,132
BRDA:134,18,1,0
BRDA:142,19,0,23
BRDA:142,19,1,109
BRDA:143,20,0,132
BRDA:143,20,1,0
BRDA:145,21,0,23
BRDA:145,21,1,109
BRDA:151,22,0,132
BRDA:151,22,1,23
BRDA:155,23,0,132
BRDA:155,23,1,109
BRDA:164,24,0,132
BRDA:164,24,1,23
BRF:56
BRH:50
end_of_record
TN:
SF:src/pages/Home.tsx
FN:20,Home
FN:28,(anonymous_1)
FN:32,(anonymous_2)
FN:40,(anonymous_3)
FN:44,(anonymous_4)
FN:52,(anonymous_5)
FN:53,fetchLastSession
FN:86,(anonymous_7)
FN:117,(anonymous_8)
FN:126,(anonymous_9)
FN:128,(anonymous_10)
FN:139,(anonymous_11)
FN:148,(anonymous_12)
FN:149,(anonymous_13)
FN:191,(anonymous_14)
FN:206,(anonymous_15)
FN:269,(anonymous_16)
FNF:17
FNH:8
FNDA:4,Home
FNDA:0,(anonymous_1)
FNDA:0,(anonymous_2)
FNDA:2,(anonymous_3)
FNDA:4,(anonymous_4)
FNDA:4,(anonymous_5)
FNDA:8,fetchLastSession
FNDA:0,(anonymous_7)
FNDA:0,(anonymous_8)
FNDA:2,(anonymous_9)
FNDA:2,(anonymous_10)
FNDA:2,(anonymous_11)
FNDA:0,(anonymous_12)
FNDA:0,(anonymous_13)
FNDA:0,(anonymous_14)
FNDA:0,(anonymous_15)
FNDA:0,(anonymous_16)
DA:21,4
DA:22,4
DA:23,4
DA:24,4
DA:25,4
DA:26,4
DA:28,4
DA:29,0
DA:32,0
DA:40,4
DA:41,2
DA:44,4
DA:50,4
DA:52,4
DA:54,8
DA:55,8
DA:56,8
DA:57,8
DA:59,0
DA:63,4
DA:64,4
DA:67,4
DA:68,0
DA:79,4
DA:80,0
DA:86,0
DA:93,4
DA:117,0
DA:126,2
DA:129,2
DA:139,2
DA:148,0
DA:150,0
DA:191,0
DA:206,0
DA:270,0
LF:36
LH:24
BRDA:54,0,0,8
BRDA:54,0,1,0
BRDA:67,1,0,0
BRDA:67,1,1,4
BRDA:79,2,0,0
BRDA:79,2,1,4
BRDA:102,3,0,4
BRDA:102,3,1,4
BRDA:109,4,0,1
BRDA:109,4,1,3
BRDA:116,5,0,1
BRDA:116,5,1,0
BRDA:131,6,0,2
BRDA:131,6,1,0
BRDA:139,7,0,1
BRDA:139,7,1,0
BRDA:152,8,0,0
BRDA:152,8,1,0
BRDA:162,9,0,3
BRDA:162,9,1,0
BRDA:173,10,0,1
BRDA:173,10,1,3
BRDA:221,11,0,4
BRDA:221,11,1,0
BRDA:234,12,0,0
BRDA:234,12,1,0
BRDA:261,13,0,0
BRDA:261,13,1,0
BRF:28
BRH:14
end_of_record
TN:
SF:src/store/userStore.ts
FN:41,(anonymous_0)
FN:51,(anonymous_1)
FN:58,(anonymous_2)
FN:62,(anonymous_3)
FN:63,(anonymous_4)
FN:64,(anonymous_5)
FN:69,(anonymous_6)
FN:73,(anonymous_7)
FN:80,(anonymous_8)
FN:107,(anonymous_9)
FN:125,(anonymous_10)
FN:133,(anonymous_11)
FN:141,(anonymous_12)
FN:160,(anonymous_13)
FN:177,(anonymous_14)
FN:197,(anonymous_15)
FN:218,(anonymous_16)
FN:237,(anonymous_17)
FN:253,(anonymous_18)
FN:258,(anonymous_19)
FN:262,(anonymous_20)
FNF:21
FNH:1
FNDA:6,(anonymous_0)
FNDA:0,(anonymous_1)
FNDA:0,(anonymous_2)
FNDA:0,(anonymous_3)
FNDA:0,(anonymous_4)
FNDA:0,(anonymous_5)
FNDA:0,(anonymous_6)
FNDA:0,(anonymous_7)
FNDA:0,(anonymous_8)
FNDA:0,(anonymous_9)
FNDA:0,(anonymous_10)
FNDA:0,(anonymous_11)
FNDA:0,(anonymous_12)
FNDA:0,(anonymous_13)
FNDA:0,(anonymous_14)
FNDA:0,(anonymous_15)
FNDA:0,(anonymous_16)
FNDA:0,(anonymous_17)
FNDA:0,(anonymous_18)
FNDA:0,(anonymous_19)
FNDA:0,(anonymous_20)
DA:41,6
DA:52,0
DA:53,0
DA:54,0
DA:59,0
DA:62,0
DA:63,0
DA:64,0
DA:70,0
DA:73,0
DA:74,0
DA:75,0
DA:80,0
DA:81,0
DA:83,0
DA:85,0
DA:87,0
DA:89,0
DA:90,0
DA:92,0
DA:93,0
DA:97,0
DA:100,0
DA:108,0
DA:109,0
DA:111,0
DA:112,0
DA:113,0
DA:117,0
DA:119,0
DA:120,0
DA:122,0
DA:124,0
DA:125,0
DA:126,0
DA:127,0
DA:133,0
DA:135,0
DA:137,0
DA:138,0
DA:139,0
DA:141,0
DA:142,0
DA:144,0
DA:147,0
DA:148,0
DA:149,0
DA:150,0
DA:155,0
DA:156,0
DA:157,0
DA:158,0
DA:159,0
DA:160,0
DA:161,0
DA:165,0
DA:169,0
DA:170,0
DA:178,0
DA:179,0
DA:180,0
DA:181,0
DA:184,0
DA:187,0
DA:189,0
DA:190,0
DA:198,0
DA:199,0
DA:200,0
DA:201,0
DA:205,0
DA:208,0
DA:210,0
DA:211,0
DA:219,0
DA:220,0
DA:221,0
DA:222,0
DA:223,0
DA:226,0
DA:227,0
DA:229,0
DA:230,0
DA:238,0
DA:239,0
DA:240,0
DA:241,0
DA:243,0
DA:246,0
DA:255,0
DA:258,0
DA:259,0
DA:262,0
DA:263,0
DA:266,0
DA:269,0
LF:96
LH:1
BRDA:53,0,0,0
BRDA:53,0,1,0
BRDA:74,1,0,0
BRDA:74,1,1,0
BRDA:87,2,0,0
BRDA:87,2,1,0
BRDA:111,3,0,0
BRDA:111,3,1,0
BRDA:119,4,0,0
BRDA:119,4,1,0
BRDA:124,5,0,0
BRDA:124,5,1,0
BRDA:126,6,0,0
BRDA:126,6,1,0
BRDA:137,7,0,0
BRDA:137,7,1,0
BRDA:142,8,0,0
BRDA:142,8,1,0
BRDA:151,9,0,0
BRDA:151,9,1,0
BRDA:152,10,0,0
BRDA:152,10,1,0
BRDA:157,11,0,0
BRDA:157,11,1,0
BRDA:161,12,0,0
BRDA:161,12,1,0
BRDA:180,13,0,0
BRDA:180,13,1,0
BRDA:200,14,0,0
BRDA:200,14,1,0
BRDA:221,15,0,0
BRDA:221,15,1,0
BRDA:240,16,0,0
BRDA:240,16,1,0
BRF:34
BRH:0
end_of_record
TN:
SF:src/utils/calories.ts
FN:9,(anonymous_0)
FNF:1
FNH:1
FNDA:6,(anonymous_0)
DA:9,2
DA:14,6
DA:17,5
DA:20,6
DA:21,6
DA:22,6
DA:24,6
DA:25,1
DA:26,1
DA:27,1
DA:30,5
DA:31,6
DA:35,6
DA:36,6
DA:40,6
DA:43,6
DA:47,6
DA:50,6
DA:52,6
LF:19
LH:19
BRDA:14,0,0,1
BRDA:14,0,1,5
BRDA:17,1,0,5
BRDA:17,1,1,0
BRDA:24,2,0,1
BRDA:24,2,1,5
BRDA:30,3,0,5
BRDA:30,3,1,0
BRDA:31,4,0,6
BRDA:31,4,1,0
BRDA:35,5,0,6
BRDA:35,5,1,1
BRDA:36,6,0,6
BRDA:36,6,1,1
BRF:14
BRH:11
end_of_record
TN:
SF:src/utils/cn.ts
FN:8,cn
FNF:1
FNH:1
FNDA:753,cn
DA:9,753
LF:1
LH:1
BRF:0
BRH:0
end_of_record
TN:
SF:src/utils/constants.ts
FN:290,getUnlockedBadges
FN:291,(anonymous_1)
FN:316,getNextBadge
FN:318,(anonymous_3)
FN:323,(anonymous_4)
FN:324,(anonymous_5)
FNF:6
FNH:6
FNDA:12,getUnlockedBadges
FNDA:264,(anonymous_1)
FNDA:3,getNextBadge
FNDA:66,(anonymous_3)
FNDA:76,(anonymous_4)
FNDA:152,(anonymous_5)
DA:6,8
DA:8,8
DA:56,8
DA:271,8
DA:291,12
DA:292,264
DA:294,96
DA:296,36
DA:298,36
DA:300,12
DA:302,12
DA:304,12
DA:306,60
DA:308,0
DA:317,3
DA:318,66
DA:320,3
DA:323,2
DA:324,76
DA:325,152
DA:327,49
DA:329,18
DA:331,23
DA:333,8
DA:335,7
DA:337,5
DA:339,42
DA:341,0
DA:344,76
LF:29
LH:27
BRDA:292,0,0,96
BRDA:292,0,1,36
BRDA:292,0,2,36
BRDA:292,0,3,12
BRDA:292,0,4,12
BRDA:292,0,5,12
BRDA:292,0,6,60
BRDA:292,0,7,0
BRDA:300,1,0,12
BRDA:300,1,1,11
BRDA:302,2,0,12
BRDA:302,2,1,11
BRDA:304,3,0,12
BRDA:304,3,1,11
BRDA:306,4,0,60
BRDA:306,4,1,55
BRDA:320,5,0,1
BRDA:320,5,1,2
BRDA:325,6,0,49
BRDA:325,6,1,18
BRDA:325,6,2,23
BRDA:325,6,3,8
BRDA:325,6,4,7
BRDA:325,6,5,5
BRDA:325,6,6,42
BRDA:325,6,7,0
BRDA:333,7,0,8
BRDA:333,7,1,8
BRDA:335,8,0,7
BRDA:335,8,1,7
BRDA:337,9,0,5
BRDA:337,9,1,5
BRDA:339,10,0,42
BRDA:339,10,1,42
BRF:34
BRH:32
end_of_record
TN:
SF:src/utils/formatters.ts
FN:8,formatDate
FN:20,formatDateShort
FN:32,formatDuration
FN:41,formatDurationLong
FN:58,formatNumber
FN:65,formatReps
FN:72,formatRelativeDate
FNF:7
FNH:7
FNDA:2,formatDate
FNDA:2,formatDateShort
FNDA:3,formatDuration
FNDA:3,formatDurationLong
FNDA:4,formatNumber
FNDA:3,formatReps
FNDA:5,formatRelativeDate
DA:9,2
DA:10,2
DA:21,2
DA:22,2
DA:33,3
DA:34,3
DA:35,3
DA:42,3
DA:43,3
DA:44,3
DA:46,3
DA:47,1
DA:48,2
DA:49,1
DA:51,1
DA:59,4
DA:66,3
DA:73,5
DA:74,5
DA:75,5
DA:77,5
DA:78,1
DA:79,4
DA:80,1
DA:81,1
DA:82,3
DA:83,1
DA:84,1
DA:85,2
DA:86,1
DA:87,1
DA:89,1
LF:32
LH:32
BRDA:9,0,0,1
BRDA:9,0,1,1
BRDA:21,1,0,0
BRDA:21,1,1,2
BRDA:46,2,0,1
BRDA:46,2,1,2
BRDA:48,3,0,1
BRDA:48,3,1,1
BRDA:66,4,0,1
BRDA:66,4,1,2
BRDA:73,5,0,0
BRDA:73,5,1,5
BRDA:77,6,0,1
BRDA:77,6,1,4
BRDA:79,7,0,1
BRDA:79,7,1,3
BRDA:81,8,0,1
BRDA:81,8,1,0
BRDA:82,9,0,1
BRDA:82,9,1,2
BRDA:84,10,0,1
BRDA:84,10,1,0
BRDA:85,11,0,1
BRDA:85,11,1,1
BRDA:87,12,0,1
BRDA:87,12,1,0
BRF:26
BRH:21
end_of_record
TN:
SF:src/utils/theme-colors.ts
FN:54,applyThemeColor
FN:65,(anonymous_1)
FN:69,(anonymous_2)
FN:79,getCurrentThemeColor
FNF:4
FNH:0
FNDA:0,applyThemeColor
FNDA:0,(anonymous_1)
FNDA:0,(anonymous_2)
FNDA:0,getCurrentThemeColor
DA:7,6
DA:55,0
DA:56,0
DA:58,0
DA:59,0
DA:61,0
DA:63,0
DA:65,0
DA:66,0
DA:67,0
DA:69,0
DA:70,0
DA:71,0
DA:80,0
DA:81,0
DA:84,0
DA:85,0
DA:89,0
DA:90,0
DA:91,0
DA:95,0
LF:21
LH:1
BRDA:58,0,0,0
BRDA:58,0,1,0
BRDA:84,1,0,0
BRDA:84,1,1,0
BRDA:90,2,0,0
BRDA:90,2,1,0
BRF:6
BRH:0
end_of_record
